<?xml version="1.0" encoding="UTF-8"?>
<testsuite name="com.bookin.bookin.service.CustomUserDetailServiceTest" tests="3" skipped="0" failures="0" errors="0" timestamp="2023-05-26T13:18:33" hostname="ADITYA" time="0.038">
  <properties/>
  <testcase name="testLoadUserByUsername()" classname="com.bookin.bookin.service.CustomUserDetailServiceTest" time="0.008"/>
  <testcase name="testRegister()" classname="com.bookin.bookin.service.CustomUserDetailServiceTest" time="0.002"/>
  <testcase name="testRegister2()" classname="com.bookin.bookin.service.CustomUserDetailServiceTest" time="0.026"/>
  <system-out><![CDATA[]]></system-out>
  <system-err><![CDATA[]]></system-err>
</testsuite>
