<?xml version="1.0" encoding="UTF-8"?>
<testsuite name="com.bookin.bookin.requestmodels.AuthorityModelTest" tests="1" skipped="0" failures="0" errors="0" timestamp="2023-05-26T12:55:58" hostname="ADITYA" time="0.002">
  <properties/>
  <testcase name="testConstructor()" classname="com.bookin.bookin.requestmodels.AuthorityModelTest" time="0.002"/>
  <system-out><![CDATA[]]></system-out>
  <system-err><![CDATA[]]></system-err>
</testsuite>
