<?xml version="1.0" encoding="UTF-8"?>
<testsuite name="com.bookin.bookin.dao.UserDaoTest" tests="2" skipped="0" failures="0" errors="0" timestamp="2023-05-26T13:18:33" hostname="ADITYA" time="0.054">
  <properties/>
  <testcase name="testAddUser()" classname="com.bookin.bookin.dao.UserDaoTest" time="0.051"/>
  <testcase name="testFindByUsername()" classname="com.bookin.bookin.dao.UserDaoTest" time="0.002"/>
  <system-out><![CDATA[]]></system-out>
  <system-err><![CDATA[]]></system-err>
</testsuite>
