<?xml version="1.0" encoding="UTF-8"?>
<testsuite name="com.bookin.bookin.controller.AdminControllerTest" tests="4" skipped="0" failures="0" errors="0" timestamp="2023-05-26T12:55:56" hostname="ADITYA" time="1.072">
  <properties/>
  <testcase name="testIncreaseBookQuantity()" classname="com.bookin.bookin.controller.AdminControllerTest" time="0.911"/>
  <testcase name="testDecreaseBookQuantity()" classname="com.bookin.bookin.controller.AdminControllerTest" time="0.02"/>
  <testcase name="testDeleteBook()" classname="com.bookin.bookin.controller.AdminControllerTest" time="0.018"/>
  <testcase name="testPostBook()" classname="com.bookin.bookin.controller.AdminControllerTest" time="0.119"/>
  <system-out><![CDATA[18:25:56.698 [Test worker] DEBUG _org.springframework.web.servlet.HandlerMapping.Mappings - 
	c.b.b.c.AdminController:
	{DELETE [/api/admin/delete/book]}: deleteBook(Long)
	{POST [/api/admin/add/book]}: postBook(AddBookRequest)
	{PUT [/api/admin/increase/book/quantity]}: increaseBookQuantity(Long)
	{PUT [/api/admin/decrease/book/quantity]}: decreaseBookQuantity(Long)
18:25:56.701 [Test worker] DEBUG org.springframework.web.servlet.mvc.method.annotation.RequestMappingHandlerMapping - 4 mappings in org.springframework.web.servlet.mvc.method.annotation.RequestMappingHandlerMapping
18:25:57.159 [Test worker] DEBUG org.springframework.web.servlet.mvc.method.annotation.RequestMappingHandlerAdapter - ControllerAdvice beans: 0 @ModelAttribute, 0 @InitBinder, 1 RequestBodyAdvice, 1 ResponseBodyAdvice
18:25:57.206 [Test worker] DEBUG org.springframework.web.servlet.mvc.method.annotation.ExceptionHandlerExceptionResolver - ControllerAdvice beans: 0 @ExceptionHandler, 1 ResponseBodyAdvice
18:25:57.242 [Test worker] INFO org.springframework.mock.web.MockServletContext - Initializing Spring TestDispatcherServlet ''
18:25:57.242 [Test worker] INFO org.springframework.test.web.servlet.TestDispatcherServlet - Initializing Servlet ''
18:25:57.245 [Test worker] DEBUG org.springframework.test.web.servlet.TestDispatcherServlet - Detected AcceptHeaderLocaleResolver
18:25:57.245 [Test worker] DEBUG org.springframework.test.web.servlet.TestDispatcherServlet - Detected FixedThemeResolver
18:25:57.245 [Test worker] DEBUG org.springframework.test.web.servlet.TestDispatcherServlet - Detected org.springframework.web.servlet.view.DefaultRequestToViewNameTranslator@2c1d57bc
18:25:57.245 [Test worker] DEBUG org.springframework.test.web.servlet.TestDispatcherServlet - Detected org.springframework.web.servlet.support.SessionFlashMapManager@26c77f54
18:25:57.245 [Test worker] DEBUG org.springframework.test.web.servlet.TestDispatcherServlet - enableLoggingRequestDetails='false': request parameters and headers will be masked to prevent unsafe logging of potentially sensitive data
18:25:57.245 [Test worker] INFO org.springframework.test.web.servlet.TestDispatcherServlet - Completed initialization in 3 ms
18:25:57.270 [Test worker] DEBUG org.springframework.test.web.servlet.TestDispatcherServlet - PUT "/api/admin/increase/book/quantity", parameters={masked}
18:25:57.270 [Test worker] DEBUG org.springframework.web.servlet.mvc.method.annotation.RequestMappingHandlerMapping - Mapped to com.bookin.bookin.controller.AdminController#increaseBookQuantity(Long)
18:25:57.317 [Test worker] DEBUG org.springframework.web.servlet.mvc.method.annotation.RequestResponseBodyMethodProcessor - Using 'application/json', given [*/*] and supported [application/json, application/*+json]
18:25:57.317 [Test worker] DEBUG org.springframework.web.servlet.mvc.method.annotation.RequestResponseBodyMethodProcessor - Nothing to write: null body
18:25:57.323 [Test worker] DEBUG org.springframework.test.web.servlet.TestDispatcherServlet - Completed 200 OK
18:25:57.333 [Test worker] DEBUG _org.springframework.web.servlet.HandlerMapping.Mappings - 
	c.b.b.c.AdminController:
	{DELETE [/api/admin/delete/book]}: deleteBook(Long)
	{POST [/api/admin/add/book]}: postBook(AddBookRequest)
	{PUT [/api/admin/increase/book/quantity]}: increaseBookQuantity(Long)
	{PUT [/api/admin/decrease/book/quantity]}: decreaseBookQuantity(Long)
18:25:57.334 [Test worker] DEBUG org.springframework.web.servlet.mvc.method.annotation.RequestMappingHandlerMapping - 4 mappings in org.springframework.web.servlet.mvc.method.annotation.RequestMappingHandlerMapping
18:25:57.336 [Test worker] DEBUG org.springframework.web.servlet.mvc.method.annotation.RequestMappingHandlerAdapter - ControllerAdvice beans: 0 @ModelAttribute, 0 @InitBinder, 1 RequestBodyAdvice, 1 ResponseBodyAdvice
18:25:57.343 [Test worker] DEBUG org.springframework.web.servlet.mvc.method.annotation.ExceptionHandlerExceptionResolver - ControllerAdvice beans: 0 @ExceptionHandler, 1 ResponseBodyAdvice
18:25:57.343 [Test worker] INFO org.springframework.mock.web.MockServletContext - Initializing Spring TestDispatcherServlet ''
18:25:57.343 [Test worker] INFO org.springframework.test.web.servlet.TestDispatcherServlet - Initializing Servlet ''
18:25:57.343 [Test worker] DEBUG org.springframework.test.web.servlet.TestDispatcherServlet - Detected AcceptHeaderLocaleResolver
18:25:57.343 [Test worker] DEBUG org.springframework.test.web.servlet.TestDispatcherServlet - Detected FixedThemeResolver
18:25:57.344 [Test worker] DEBUG org.springframework.test.web.servlet.TestDispatcherServlet - Detected org.springframework.web.servlet.view.DefaultRequestToViewNameTranslator@5dbab232
18:25:57.344 [Test worker] DEBUG org.springframework.test.web.servlet.TestDispatcherServlet - Detected org.springframework.web.servlet.support.SessionFlashMapManager@5939e24
18:25:57.344 [Test worker] DEBUG org.springframework.test.web.servlet.TestDispatcherServlet - enableLoggingRequestDetails='false': request parameters and headers will be masked to prevent unsafe logging of potentially sensitive data
18:25:57.344 [Test worker] INFO org.springframework.test.web.servlet.TestDispatcherServlet - Completed initialization in 1 ms
18:25:57.344 [Test worker] DEBUG org.springframework.test.web.servlet.TestDispatcherServlet - PUT "/api/admin/decrease/book/quantity", parameters={masked}
18:25:57.345 [Test worker] DEBUG org.springframework.web.servlet.mvc.method.annotation.RequestMappingHandlerMapping - Mapped to com.bookin.bookin.controller.AdminController#decreaseBookQuantity(Long)
18:25:57.347 [Test worker] DEBUG org.springframework.web.servlet.mvc.method.annotation.RequestResponseBodyMethodProcessor - Using 'application/json', given [*/*] and supported [application/json, application/*+json]
18:25:57.347 [Test worker] DEBUG org.springframework.web.servlet.mvc.method.annotation.RequestResponseBodyMethodProcessor - Nothing to write: null body
18:25:57.347 [Test worker] DEBUG org.springframework.test.web.servlet.TestDispatcherServlet - Completed 200 OK
18:25:57.354 [Test worker] DEBUG _org.springframework.web.servlet.HandlerMapping.Mappings - 
	c.b.b.c.AdminController:
	{DELETE [/api/admin/delete/book]}: deleteBook(Long)
	{POST [/api/admin/add/book]}: postBook(AddBookRequest)
	{PUT [/api/admin/increase/book/quantity]}: increaseBookQuantity(Long)
	{PUT [/api/admin/decrease/book/quantity]}: decreaseBookQuantity(Long)
18:25:57.355 [Test worker] DEBUG org.springframework.web.servlet.mvc.method.annotation.RequestMappingHandlerMapping - 4 mappings in org.springframework.web.servlet.mvc.method.annotation.RequestMappingHandlerMapping
18:25:57.361 [Test worker] DEBUG org.springframework.web.servlet.mvc.method.annotation.RequestMappingHandlerAdapter - ControllerAdvice beans: 0 @ModelAttribute, 0 @InitBinder, 1 RequestBodyAdvice, 1 ResponseBodyAdvice
18:25:57.363 [Test worker] DEBUG org.springframework.web.servlet.mvc.method.annotation.ExceptionHandlerExceptionResolver - ControllerAdvice beans: 0 @ExceptionHandler, 1 ResponseBodyAdvice
18:25:57.363 [Test worker] INFO org.springframework.mock.web.MockServletContext - Initializing Spring TestDispatcherServlet ''
18:25:57.363 [Test worker] INFO org.springframework.test.web.servlet.TestDispatcherServlet - Initializing Servlet ''
18:25:57.364 [Test worker] DEBUG org.springframework.test.web.servlet.TestDispatcherServlet - Detected AcceptHeaderLocaleResolver
18:25:57.364 [Test worker] DEBUG org.springframework.test.web.servlet.TestDispatcherServlet - Detected FixedThemeResolver
18:25:57.364 [Test worker] DEBUG org.springframework.test.web.servlet.TestDispatcherServlet - Detected org.springframework.web.servlet.view.DefaultRequestToViewNameTranslator@46468f0
18:25:57.364 [Test worker] DEBUG org.springframework.test.web.servlet.TestDispatcherServlet - Detected org.springframework.web.servlet.support.SessionFlashMapManager@5f8f1712
18:25:57.364 [Test worker] DEBUG org.springframework.test.web.servlet.TestDispatcherServlet - enableLoggingRequestDetails='false': request parameters and headers will be masked to prevent unsafe logging of potentially sensitive data
18:25:57.364 [Test worker] INFO org.springframework.test.web.servlet.TestDispatcherServlet - Completed initialization in 1 ms
18:25:57.364 [Test worker] DEBUG org.springframework.test.web.servlet.TestDispatcherServlet - DELETE "/api/admin/delete/book", parameters={masked}
18:25:57.365 [Test worker] DEBUG org.springframework.web.servlet.mvc.method.annotation.RequestMappingHandlerMapping - Mapped to com.bookin.bookin.controller.AdminController#deleteBook(Long)
18:25:57.367 [Test worker] DEBUG org.springframework.web.servlet.mvc.method.annotation.RequestResponseBodyMethodProcessor - Using 'application/json', given [*/*] and supported [application/json, application/*+json]
18:25:57.367 [Test worker] DEBUG org.springframework.web.servlet.mvc.method.annotation.RequestResponseBodyMethodProcessor - Nothing to write: null body
18:25:57.367 [Test worker] DEBUG org.springframework.test.web.servlet.TestDispatcherServlet - Completed 200 OK
18:25:57.405 [Test worker] DEBUG _org.springframework.web.servlet.HandlerMapping.Mappings - 
	c.b.b.c.AdminController:
	{DELETE [/api/admin/delete/book]}: deleteBook(Long)
	{POST [/api/admin/add/book]}: postBook(AddBookRequest)
	{PUT [/api/admin/increase/book/quantity]}: increaseBookQuantity(Long)
	{PUT [/api/admin/decrease/book/quantity]}: decreaseBookQuantity(Long)
18:25:57.408 [Test worker] DEBUG org.springframework.web.servlet.mvc.method.annotation.RequestMappingHandlerMapping - 4 mappings in org.springframework.web.servlet.mvc.method.annotation.RequestMappingHandlerMapping
18:25:57.411 [Test worker] DEBUG org.springframework.web.servlet.mvc.method.annotation.RequestMappingHandlerAdapter - ControllerAdvice beans: 0 @ModelAttribute, 0 @InitBinder, 1 RequestBodyAdvice, 1 ResponseBodyAdvice
18:25:57.415 [Test worker] DEBUG org.springframework.web.servlet.mvc.method.annotation.ExceptionHandlerExceptionResolver - ControllerAdvice beans: 0 @ExceptionHandler, 1 ResponseBodyAdvice
18:25:57.415 [Test worker] INFO org.springframework.mock.web.MockServletContext - Initializing Spring TestDispatcherServlet ''
18:25:57.415 [Test worker] INFO org.springframework.test.web.servlet.TestDispatcherServlet - Initializing Servlet ''
18:25:57.415 [Test worker] DEBUG org.springframework.test.web.servlet.TestDispatcherServlet - Detected AcceptHeaderLocaleResolver
18:25:57.415 [Test worker] DEBUG org.springframework.test.web.servlet.TestDispatcherServlet - Detected FixedThemeResolver
18:25:57.415 [Test worker] DEBUG org.springframework.test.web.servlet.TestDispatcherServlet - Detected org.springframework.web.servlet.view.DefaultRequestToViewNameTranslator@79ca7bea
18:25:57.415 [Test worker] DEBUG org.springframework.test.web.servlet.TestDispatcherServlet - Detected org.springframework.web.servlet.support.SessionFlashMapManager@54f6b629
18:25:57.415 [Test worker] DEBUG org.springframework.test.web.servlet.TestDispatcherServlet - enableLoggingRequestDetails='false': request parameters and headers will be masked to prevent unsafe logging of potentially sensitive data
18:25:57.415 [Test worker] INFO org.springframework.test.web.servlet.TestDispatcherServlet - Completed initialization in 0 ms
18:25:57.417 [Test worker] DEBUG org.springframework.test.web.servlet.TestDispatcherServlet - POST "/api/admin/add/book", parameters={}
18:25:57.417 [Test worker] DEBUG org.springframework.web.servlet.mvc.method.annotation.RequestMappingHandlerMapping - Mapped to com.bookin.bookin.controller.AdminController#postBook(AddBookRequest)
18:25:57.479 [Test worker] DEBUG org.springframework.web.servlet.mvc.method.annotation.RequestResponseBodyMethodProcessor - Read "application/json" to [AddBookRequest(title=Dr, author=JaneDoe, description=The characteristics of someone or something, co (truncated)...]
18:25:57.479 [Test worker] DEBUG org.springframework.web.servlet.mvc.method.annotation.RequestResponseBodyMethodProcessor - Using 'application/json', given [*/*] and supported [application/json, application/*+json]
18:25:57.487 [Test worker] DEBUG org.springframework.web.servlet.mvc.method.annotation.RequestResponseBodyMethodProcessor - Nothing to write: null body
18:25:57.487 [Test worker] DEBUG org.springframework.test.web.servlet.TestDispatcherServlet - Completed 200 OK
]]></system-out>
  <system-err><![CDATA[]]></system-err>
</testsuite>
