<?xml version="1.0" encoding="UTF-8"?>
<testsuite name="com.bookin.bookin.service.AdminServiceTest" tests="3" skipped="0" failures="0" errors="0" timestamp="2023-05-26T13:18:33" hostname="ADITYA" time="0.062">
  <properties/>
  <testcase name="testIncreaseBookQuantity()" classname="com.bookin.bookin.service.AdminServiceTest" time="0.031"/>
  <testcase name="testDecreaseBookQuantity()" classname="com.bookin.bookin.service.AdminServiceTest" time="0.027"/>
  <testcase name="testDeleteBook()" classname="com.bookin.bookin.service.AdminServiceTest" time="0.002"/>
  <system-out><![CDATA[]]></system-out>
  <system-err><![CDATA[]]></system-err>
</testsuite>
