<?xml version="1.0" encoding="UTF-8"?>
<testsuite name="com.bookin.bookin.controller.AdminControllerTest" tests="4" skipped="0" failures="0" errors="0" timestamp="2023-05-26T13:18:31" hostname="ADITYA" time="0.82">
  <properties/>
  <testcase name="testIncreaseBookQuantity()" classname="com.bookin.bookin.controller.AdminControllerTest" time="0.687"/>
  <testcase name="testDecreaseBookQuantity()" classname="com.bookin.bookin.controller.AdminControllerTest" time="0.017"/>
  <testcase name="testDeleteBook()" classname="com.bookin.bookin.controller.AdminControllerTest" time="0.017"/>
  <testcase name="testPostBook()" classname="com.bookin.bookin.controller.AdminControllerTest" time="0.096"/>
  <system-out><![CDATA[18:48:32.041 [Test worker] DEBUG _org.springframework.web.servlet.HandlerMapping.Mappings - 
	c.b.b.c.AdminController:
	{PUT [/api/admin/increase/book/quantity]}: increaseBookQuantity(Long)
	{PUT [/api/admin/decrease/book/quantity]}: decreaseBookQuantity(Long)
	{POST [/api/admin/add/book]}: postBook(AddBookRequest)
	{DELETE [/api/admin/delete/book]}: deleteBook(Long)
18:48:32.045 [Test worker] DEBUG org.springframework.web.servlet.mvc.method.annotation.RequestMappingHandlerMapping - 4 mappings in org.springframework.web.servlet.mvc.method.annotation.RequestMappingHandlerMapping
18:48:32.387 [Test worker] DEBUG org.springframework.web.servlet.mvc.method.annotation.RequestMappingHandlerAdapter - ControllerAdvice beans: 0 @ModelAttribute, 0 @InitBinder, 1 RequestBodyAdvice, 1 ResponseBodyAdvice
18:48:32.420 [Test worker] DEBUG org.springframework.web.servlet.mvc.method.annotation.ExceptionHandlerExceptionResolver - ControllerAdvice beans: 0 @ExceptionHandler, 1 ResponseBodyAdvice
18:48:32.436 [Test worker] INFO org.springframework.mock.web.MockServletContext - Initializing Spring TestDispatcherServlet ''
18:48:32.436 [Test worker] INFO org.springframework.test.web.servlet.TestDispatcherServlet - Initializing Servlet ''
18:48:32.440 [Test worker] DEBUG org.springframework.test.web.servlet.TestDispatcherServlet - Detected AcceptHeaderLocaleResolver
18:48:32.441 [Test worker] DEBUG org.springframework.test.web.servlet.TestDispatcherServlet - Detected FixedThemeResolver
18:48:32.441 [Test worker] DEBUG org.springframework.test.web.servlet.TestDispatcherServlet - Detected org.springframework.web.servlet.view.DefaultRequestToViewNameTranslator@6af310c7
18:48:32.441 [Test worker] DEBUG org.springframework.test.web.servlet.TestDispatcherServlet - Detected org.springframework.web.servlet.support.SessionFlashMapManager@4aed311e
18:48:32.442 [Test worker] DEBUG org.springframework.test.web.servlet.TestDispatcherServlet - enableLoggingRequestDetails='false': request parameters and headers will be masked to prevent unsafe logging of potentially sensitive data
18:48:32.442 [Test worker] INFO org.springframework.test.web.servlet.TestDispatcherServlet - Completed initialization in 6 ms
18:48:32.453 [Test worker] DEBUG org.springframework.test.web.servlet.TestDispatcherServlet - PUT "/api/admin/increase/book/quantity", parameters={masked}
18:48:32.453 [Test worker] DEBUG org.springframework.web.servlet.mvc.method.annotation.RequestMappingHandlerMapping - Mapped to com.bookin.bookin.controller.AdminController#increaseBookQuantity(Long)
18:48:32.483 [Test worker] DEBUG org.springframework.web.servlet.mvc.method.annotation.RequestResponseBodyMethodProcessor - Using 'application/json', given [*/*] and supported [application/json, application/*+json]
18:48:32.498 [Test worker] DEBUG org.springframework.web.servlet.mvc.method.annotation.RequestResponseBodyMethodProcessor - Nothing to write: null body
18:48:32.498 [Test worker] DEBUG org.springframework.test.web.servlet.TestDispatcherServlet - Completed 200 OK
18:48:32.509 [Test worker] DEBUG _org.springframework.web.servlet.HandlerMapping.Mappings - 
	c.b.b.c.AdminController:
	{PUT [/api/admin/increase/book/quantity]}: increaseBookQuantity(Long)
	{PUT [/api/admin/decrease/book/quantity]}: decreaseBookQuantity(Long)
	{POST [/api/admin/add/book]}: postBook(AddBookRequest)
	{DELETE [/api/admin/delete/book]}: deleteBook(Long)
18:48:32.510 [Test worker] DEBUG org.springframework.web.servlet.mvc.method.annotation.RequestMappingHandlerMapping - 4 mappings in org.springframework.web.servlet.mvc.method.annotation.RequestMappingHandlerMapping
18:48:32.514 [Test worker] DEBUG org.springframework.web.servlet.mvc.method.annotation.RequestMappingHandlerAdapter - ControllerAdvice beans: 0 @ModelAttribute, 0 @InitBinder, 1 RequestBodyAdvice, 1 ResponseBodyAdvice
18:48:32.517 [Test worker] DEBUG org.springframework.web.servlet.mvc.method.annotation.ExceptionHandlerExceptionResolver - ControllerAdvice beans: 0 @ExceptionHandler, 1 ResponseBodyAdvice
18:48:32.517 [Test worker] INFO org.springframework.mock.web.MockServletContext - Initializing Spring TestDispatcherServlet ''
18:48:32.517 [Test worker] INFO org.springframework.test.web.servlet.TestDispatcherServlet - Initializing Servlet ''
18:48:32.517 [Test worker] DEBUG org.springframework.test.web.servlet.TestDispatcherServlet - Detected AcceptHeaderLocaleResolver
18:48:32.517 [Test worker] DEBUG org.springframework.test.web.servlet.TestDispatcherServlet - Detected FixedThemeResolver
18:48:32.517 [Test worker] DEBUG org.springframework.test.web.servlet.TestDispatcherServlet - Detected org.springframework.web.servlet.view.DefaultRequestToViewNameTranslator@4981d95b
18:48:32.517 [Test worker] DEBUG org.springframework.test.web.servlet.TestDispatcherServlet - Detected org.springframework.web.servlet.support.SessionFlashMapManager@656842bc
18:48:32.517 [Test worker] DEBUG org.springframework.test.web.servlet.TestDispatcherServlet - enableLoggingRequestDetails='false': request parameters and headers will be masked to prevent unsafe logging of potentially sensitive data
18:48:32.517 [Test worker] INFO org.springframework.test.web.servlet.TestDispatcherServlet - Completed initialization in 0 ms
18:48:32.517 [Test worker] DEBUG org.springframework.test.web.servlet.TestDispatcherServlet - PUT "/api/admin/decrease/book/quantity", parameters={masked}
18:48:32.517 [Test worker] DEBUG org.springframework.web.servlet.mvc.method.annotation.RequestMappingHandlerMapping - Mapped to com.bookin.bookin.controller.AdminController#decreaseBookQuantity(Long)
18:48:32.517 [Test worker] DEBUG org.springframework.web.servlet.mvc.method.annotation.RequestResponseBodyMethodProcessor - Using 'application/json', given [*/*] and supported [application/json, application/*+json]
18:48:32.517 [Test worker] DEBUG org.springframework.web.servlet.mvc.method.annotation.RequestResponseBodyMethodProcessor - Nothing to write: null body
18:48:32.517 [Test worker] DEBUG org.springframework.test.web.servlet.TestDispatcherServlet - Completed 200 OK
18:48:32.527 [Test worker] DEBUG _org.springframework.web.servlet.HandlerMapping.Mappings - 
	c.b.b.c.AdminController:
	{PUT [/api/admin/increase/book/quantity]}: increaseBookQuantity(Long)
	{PUT [/api/admin/decrease/book/quantity]}: decreaseBookQuantity(Long)
	{POST [/api/admin/add/book]}: postBook(AddBookRequest)
	{DELETE [/api/admin/delete/book]}: deleteBook(Long)
18:48:32.529 [Test worker] DEBUG org.springframework.web.servlet.mvc.method.annotation.RequestMappingHandlerMapping - 4 mappings in org.springframework.web.servlet.mvc.method.annotation.RequestMappingHandlerMapping
18:48:32.532 [Test worker] DEBUG org.springframework.web.servlet.mvc.method.annotation.RequestMappingHandlerAdapter - ControllerAdvice beans: 0 @ModelAttribute, 0 @InitBinder, 1 RequestBodyAdvice, 1 ResponseBodyAdvice
18:48:32.535 [Test worker] DEBUG org.springframework.web.servlet.mvc.method.annotation.ExceptionHandlerExceptionResolver - ControllerAdvice beans: 0 @ExceptionHandler, 1 ResponseBodyAdvice
18:48:32.535 [Test worker] INFO org.springframework.mock.web.MockServletContext - Initializing Spring TestDispatcherServlet ''
18:48:32.535 [Test worker] INFO org.springframework.test.web.servlet.TestDispatcherServlet - Initializing Servlet ''
18:48:32.535 [Test worker] DEBUG org.springframework.test.web.servlet.TestDispatcherServlet - Detected AcceptHeaderLocaleResolver
18:48:32.535 [Test worker] DEBUG org.springframework.test.web.servlet.TestDispatcherServlet - Detected FixedThemeResolver
18:48:32.535 [Test worker] DEBUG org.springframework.test.web.servlet.TestDispatcherServlet - Detected org.springframework.web.servlet.view.DefaultRequestToViewNameTranslator@2055833f
18:48:32.535 [Test worker] DEBUG org.springframework.test.web.servlet.TestDispatcherServlet - Detected org.springframework.web.servlet.support.SessionFlashMapManager@28768e25
18:48:32.535 [Test worker] DEBUG org.springframework.test.web.servlet.TestDispatcherServlet - enableLoggingRequestDetails='false': request parameters and headers will be masked to prevent unsafe logging of potentially sensitive data
18:48:32.535 [Test worker] INFO org.springframework.test.web.servlet.TestDispatcherServlet - Completed initialization in 0 ms
18:48:32.535 [Test worker] DEBUG org.springframework.test.web.servlet.TestDispatcherServlet - DELETE "/api/admin/delete/book", parameters={masked}
18:48:32.537 [Test worker] DEBUG org.springframework.web.servlet.mvc.method.annotation.RequestMappingHandlerMapping - Mapped to com.bookin.bookin.controller.AdminController#deleteBook(Long)
18:48:32.538 [Test worker] DEBUG org.springframework.web.servlet.mvc.method.annotation.RequestResponseBodyMethodProcessor - Using 'application/json', given [*/*] and supported [application/json, application/*+json]
18:48:32.538 [Test worker] DEBUG org.springframework.web.servlet.mvc.method.annotation.RequestResponseBodyMethodProcessor - Nothing to write: null body
18:48:32.538 [Test worker] DEBUG org.springframework.test.web.servlet.TestDispatcherServlet - Completed 200 OK
18:48:32.574 [Test worker] DEBUG _org.springframework.web.servlet.HandlerMapping.Mappings - 
	c.b.b.c.AdminController:
	{PUT [/api/admin/increase/book/quantity]}: increaseBookQuantity(Long)
	{PUT [/api/admin/decrease/book/quantity]}: decreaseBookQuantity(Long)
	{POST [/api/admin/add/book]}: postBook(AddBookRequest)
	{DELETE [/api/admin/delete/book]}: deleteBook(Long)
18:48:32.574 [Test worker] DEBUG org.springframework.web.servlet.mvc.method.annotation.RequestMappingHandlerMapping - 4 mappings in org.springframework.web.servlet.mvc.method.annotation.RequestMappingHandlerMapping
18:48:32.576 [Test worker] DEBUG org.springframework.web.servlet.mvc.method.annotation.RequestMappingHandlerAdapter - ControllerAdvice beans: 0 @ModelAttribute, 0 @InitBinder, 1 RequestBodyAdvice, 1 ResponseBodyAdvice
18:48:32.576 [Test worker] DEBUG org.springframework.web.servlet.mvc.method.annotation.ExceptionHandlerExceptionResolver - ControllerAdvice beans: 0 @ExceptionHandler, 1 ResponseBodyAdvice
18:48:32.576 [Test worker] INFO org.springframework.mock.web.MockServletContext - Initializing Spring TestDispatcherServlet ''
18:48:32.576 [Test worker] INFO org.springframework.test.web.servlet.TestDispatcherServlet - Initializing Servlet ''
18:48:32.576 [Test worker] DEBUG org.springframework.test.web.servlet.TestDispatcherServlet - Detected AcceptHeaderLocaleResolver
18:48:32.576 [Test worker] DEBUG org.springframework.test.web.servlet.TestDispatcherServlet - Detected FixedThemeResolver
18:48:32.576 [Test worker] DEBUG org.springframework.test.web.servlet.TestDispatcherServlet - Detected org.springframework.web.servlet.view.DefaultRequestToViewNameTranslator@61da0413
18:48:32.576 [Test worker] DEBUG org.springframework.test.web.servlet.TestDispatcherServlet - Detected org.springframework.web.servlet.support.SessionFlashMapManager@5627cb29
18:48:32.576 [Test worker] DEBUG org.springframework.test.web.servlet.TestDispatcherServlet - enableLoggingRequestDetails='false': request parameters and headers will be masked to prevent unsafe logging of potentially sensitive data
18:48:32.576 [Test worker] INFO org.springframework.test.web.servlet.TestDispatcherServlet - Completed initialization in 0 ms
18:48:32.576 [Test worker] DEBUG org.springframework.test.web.servlet.TestDispatcherServlet - POST "/api/admin/add/book", parameters={}
18:48:32.576 [Test worker] DEBUG org.springframework.web.servlet.mvc.method.annotation.RequestMappingHandlerMapping - Mapped to com.bookin.bookin.controller.AdminController#postBook(AddBookRequest)
18:48:32.624 [Test worker] DEBUG org.springframework.web.servlet.mvc.method.annotation.RequestResponseBodyMethodProcessor - Read "application/json" to [AddBookRequest(title=Dr, author=JaneDoe, description=The characteristics of someone or something, co (truncated)...]
18:48:32.624 [Test worker] DEBUG org.springframework.web.servlet.mvc.method.annotation.RequestResponseBodyMethodProcessor - Using 'application/json', given [*/*] and supported [application/json, application/*+json]
18:48:32.624 [Test worker] DEBUG org.springframework.web.servlet.mvc.method.annotation.RequestResponseBodyMethodProcessor - Nothing to write: null body
18:48:32.624 [Test worker] DEBUG org.springframework.test.web.servlet.TestDispatcherServlet - Completed 200 OK
]]></system-out>
  <system-err><![CDATA[]]></system-err>
</testsuite>
