<?xml version="1.0" encoding="UTF-8"?>
<testsuite name="com.bookin.bookin.controller.GoogleBooksControllerTest" tests="1" skipped="0" failures="0" errors="0" timestamp="2023-05-26T12:55:57" hostname="ADITYA" time="0.042">
  <properties/>
  <testcase name="testGetgooglebooks()" classname="com.bookin.bookin.controller.GoogleBooksControllerTest" time="0.042"/>
  <system-out><![CDATA[18:25:57.487 [Test worker] DEBUG org.springframework.test.context.BootstrapUtils - Instantiating CacheAwareContextLoaderDelegate from class [org.springframework.test.context.cache.DefaultCacheAwareContextLoaderDelegate]
18:25:57.487 [Test worker] DEBUG org.springframework.test.context.BootstrapUtils - Instantiating BootstrapContext using constructor [public org.springframework.test.context.support.DefaultBootstrapContext(java.lang.Class,org.springframework.test.context.CacheAwareContextLoaderDelegate)]
18:25:57.487 [Test worker] DEBUG org.springframework.test.context.BootstrapUtils - Instantiating TestContextBootstrapper for test class [com.bookin.bookin.controller.GoogleBooksControllerTest] from class [org.springframework.test.context.support.DefaultTestContextBootstrapper]
18:25:57.487 [Test worker] DEBUG org.springframework.test.context.support.AbstractDelegatingSmartContextLoader - Delegating to AnnotationConfigContextLoader to process context configuration [ContextConfigurationAttributes@16f15ae9 declaringClass = 'com.bookin.bookin.controller.GoogleBooksControllerTest', classes = '{class com.bookin.bookin.controller.GoogleBooksController}', locations = '{}', inheritLocations = true, initializers = '{}', inheritInitializers = true, name = [null], contextLoaderClass = 'org.springframework.test.context.ContextLoader'].
18:25:57.503 [Test worker] DEBUG org.springframework.test.context.support.ActiveProfilesUtils - Could not find an 'annotation declaring class' for annotation type [org.springframework.test.context.ActiveProfiles] and class [com.bookin.bookin.controller.GoogleBooksControllerTest]
18:25:57.503 [Test worker] DEBUG org.springframework.test.context.support.DefaultTestContextBootstrapper - @TestExecutionListeners is not present for class [com.bookin.bookin.controller.GoogleBooksControllerTest]: using defaults.
18:25:57.505 [Test worker] INFO org.springframework.test.context.support.DefaultTestContextBootstrapper - Loaded default TestExecutionListener class names from location [META-INF/spring.factories]: [org.springframework.security.test.context.support.WithSecurityContextTestExecutionListener, org.springframework.security.test.context.support.ReactorContextTestExecutionListener, org.springframework.boot.test.autoconfigure.restdocs.RestDocsTestExecutionListener, org.springframework.boot.test.autoconfigure.web.client.MockRestServiceServerResetTestExecutionListener, org.springframework.boot.test.autoconfigure.web.servlet.MockMvcPrintOnlyOnFailureTestExecutionListener, org.springframework.boot.test.autoconfigure.web.servlet.WebDriverTestExecutionListener, org.springframework.boot.test.autoconfigure.webservices.client.MockWebServiceServerTestExecutionListener, org.springframework.boot.test.mock.mockito.MockitoTestExecutionListener, org.springframework.boot.test.mock.mockito.ResetMocksTestExecutionListener, org.springframework.test.context.web.ServletTestExecutionListener, org.springframework.test.context.support.DirtiesContextBeforeModesTestExecutionListener, org.springframework.test.context.event.ApplicationEventsTestExecutionListener, org.springframework.test.context.support.DependencyInjectionTestExecutionListener, org.springframework.test.context.support.DirtiesContextTestExecutionListener, org.springframework.test.context.transaction.TransactionalTestExecutionListener, org.springframework.test.context.jdbc.SqlScriptsTestExecutionListener, org.springframework.test.context.event.EventPublishingTestExecutionListener]
18:25:57.505 [Test worker] INFO org.springframework.test.context.support.DefaultTestContextBootstrapper - Using TestExecutionListeners: [org.springframework.test.context.web.ServletTestExecutionListener@1860a7a1, org.springframework.test.context.support.DirtiesContextBeforeModesTestExecutionListener@40d96578, org.springframework.test.context.event.ApplicationEventsTestExecutionListener@c97721b, org.springframework.boot.test.mock.mockito.MockitoTestExecutionListener@283ab206, org.springframework.test.context.support.DependencyInjectionTestExecutionListener@35fa450f, org.springframework.test.context.support.DirtiesContextTestExecutionListener@3e03046d, org.springframework.test.context.transaction.TransactionalTestExecutionListener@9b3be1c, org.springframework.test.context.jdbc.SqlScriptsTestExecutionListener@74e497ae, org.springframework.security.test.context.support.WithSecurityContextTestExecutionListener@13516600, org.springframework.test.context.event.EventPublishingTestExecutionListener@35d7386b, org.springframework.security.test.context.support.ReactorContextTestExecutionListener@21002393, org.springframework.boot.test.autoconfigure.restdocs.RestDocsTestExecutionListener@718989fa, org.springframework.boot.test.autoconfigure.web.client.MockRestServiceServerResetTestExecutionListener@69f080ad, org.springframework.boot.test.autoconfigure.web.servlet.MockMvcPrintOnlyOnFailureTestExecutionListener@6568f998, org.springframework.boot.test.autoconfigure.web.servlet.WebDriverTestExecutionListener@45d4421d, org.springframework.boot.test.autoconfigure.webservices.client.MockWebServiceServerTestExecutionListener@782fd504, org.springframework.boot.test.mock.mockito.ResetMocksTestExecutionListener@1537c744]
18:25:57.506 [Test worker] DEBUG org.springframework.test.context.support.AbstractDirtiesContextTestExecutionListener - Before test class: context [DefaultTestContext@37314843 testClass = GoogleBooksControllerTest, testInstance = [null], testMethod = [null], testException = [null], mergedContextConfiguration = [MergedContextConfiguration@50122012 testClass = GoogleBooksControllerTest, locations = '{}', classes = '{class com.bookin.bookin.controller.GoogleBooksController}', contextInitializerClasses = '[]', activeProfiles = '{}', propertySourceLocations = '{}', propertySourceProperties = '{}', contextCustomizers = set[org.springframework.boot.test.autoconfigure.actuate.metrics.MetricsExportContextCustomizerFactory$DisableMetricExportContextCustomizer@3f9270ed, org.springframework.boot.test.autoconfigure.properties.PropertyMappingContextCustomizer@0, org.springframework.boot.test.autoconfigure.web.servlet.WebDriverContextCustomizerFactory$Customizer@7397c6, org.springframework.boot.test.context.filter.ExcludeFilterContextCustomizer@75a118e6, org.springframework.boot.test.json.DuplicateJsonObjectContextCustomizerFactory$DuplicateJsonObjectContextCustomizer@4a14c44f, org.springframework.boot.test.mock.mockito.MockitoContextCustomizer@3c47c33e], contextLoader = 'org.springframework.test.context.support.DelegatingSmartContextLoader', parent = [null]], attributes = map[[empty]]], class annotated with @DirtiesContext [false] with mode [null].
18:25:57.506 [Test worker] DEBUG org.springframework.test.context.support.AbstractDelegatingSmartContextLoader - Delegating to AnnotationConfigContextLoader to load context from [MergedContextConfiguration@50122012 testClass = GoogleBooksControllerTest, locations = '{}', classes = '{class com.bookin.bookin.controller.GoogleBooksController}', contextInitializerClasses = '[]', activeProfiles = '{}', propertySourceLocations = '{}', propertySourceProperties = '{}', contextCustomizers = set[org.springframework.boot.test.autoconfigure.actuate.metrics.MetricsExportContextCustomizerFactory$DisableMetricExportContextCustomizer@3f9270ed, org.springframework.boot.test.autoconfigure.properties.PropertyMappingContextCustomizer@0, org.springframework.boot.test.autoconfigure.web.servlet.WebDriverContextCustomizerFactory$Customizer@7397c6, org.springframework.boot.test.context.filter.ExcludeFilterContextCustomizer@75a118e6, org.springframework.boot.test.json.DuplicateJsonObjectContextCustomizerFactory$DuplicateJsonObjectContextCustomizer@4a14c44f, org.springframework.boot.test.mock.mockito.MockitoContextCustomizer@3c47c33e], contextLoader = 'org.springframework.test.context.support.DelegatingSmartContextLoader', parent = [null]].
18:25:57.506 [Test worker] DEBUG org.springframework.test.context.support.AbstractGenericContextLoader - Loading ApplicationContext for merged context configuration [[MergedContextConfiguration@50122012 testClass = GoogleBooksControllerTest, locations = '{}', classes = '{class com.bookin.bookin.controller.GoogleBooksController}', contextInitializerClasses = '[]', activeProfiles = '{}', propertySourceLocations = '{}', propertySourceProperties = '{}', contextCustomizers = set[org.springframework.boot.test.autoconfigure.actuate.metrics.MetricsExportContextCustomizerFactory$DisableMetricExportContextCustomizer@3f9270ed, org.springframework.boot.test.autoconfigure.properties.PropertyMappingContextCustomizer@0, org.springframework.boot.test.autoconfigure.web.servlet.WebDriverContextCustomizerFactory$Customizer@7397c6, org.springframework.boot.test.context.filter.ExcludeFilterContextCustomizer@75a118e6, org.springframework.boot.test.json.DuplicateJsonObjectContextCustomizerFactory$DuplicateJsonObjectContextCustomizer@4a14c44f, org.springframework.boot.test.mock.mockito.MockitoContextCustomizer@3c47c33e], contextLoader = 'org.springframework.test.context.support.DelegatingSmartContextLoader', parent = [null]]].
18:25:57.506 [Test worker] DEBUG org.springframework.core.env.StandardEnvironment - Activating profiles []
18:25:57.506 [Test worker] DEBUG org.springframework.test.context.support.AnnotationConfigContextLoader - Registering component classes: {class com.bookin.bookin.controller.GoogleBooksController}
18:25:57.506 [Test worker] DEBUG org.springframework.context.support.GenericApplicationContext - Refreshing org.springframework.context.support.GenericApplicationContext@569348e1
18:25:57.506 [Test worker] DEBUG org.springframework.beans.factory.support.DefaultListableBeanFactory - Creating shared instance of singleton bean 'org.springframework.context.annotation.internalConfigurationAnnotationProcessor'
18:25:57.519 [Test worker] DEBUG org.springframework.beans.factory.support.DefaultListableBeanFactory - Creating shared instance of singleton bean 'org.springframework.boot.test.mock.mockito.MockitoPostProcessor'
18:25:57.692 [Test worker] DEBUG org.springframework.beans.factory.support.DefaultListableBeanFactory - Creating shared instance of singleton bean 'org.springframework.context.event.internalEventListenerProcessor'
18:25:57.692 [Test worker] DEBUG org.springframework.beans.factory.support.DefaultListableBeanFactory - Creating shared instance of singleton bean 'org.springframework.context.event.internalEventListenerFactory'
18:25:57.692 [Test worker] DEBUG org.springframework.beans.factory.support.DefaultListableBeanFactory - Creating shared instance of singleton bean 'org.springframework.context.annotation.internalAutowiredAnnotationProcessor'
18:25:57.702 [Test worker] DEBUG org.springframework.beans.factory.support.DefaultListableBeanFactory - Creating shared instance of singleton bean 'org.springframework.context.annotation.internalCommonAnnotationProcessor'
18:25:57.702 [Test worker] DEBUG org.springframework.beans.factory.support.DefaultListableBeanFactory - Creating shared instance of singleton bean 'org.springframework.context.annotation.internalPersistenceAnnotationProcessor'
18:25:57.703 [Test worker] DEBUG org.springframework.beans.factory.support.DefaultListableBeanFactory - Creating shared instance of singleton bean 'org.springframework.boot.test.mock.mockito.MockitoPostProcessor$SpyPostProcessor'
18:25:57.703 [Test worker] DEBUG org.springframework.beans.factory.support.DefaultListableBeanFactory - Creating shared instance of singleton bean 'googleBooksController'
18:25:57.705 [Test worker] DEBUG org.springframework.test.context.cache.DefaultCacheAwareContextLoaderDelegate - Storing ApplicationContext [1452493025] in cache under key [[MergedContextConfiguration@50122012 testClass = GoogleBooksControllerTest, locations = '{}', classes = '{class com.bookin.bookin.controller.GoogleBooksController}', contextInitializerClasses = '[]', activeProfiles = '{}', propertySourceLocations = '{}', propertySourceProperties = '{}', contextCustomizers = set[org.springframework.boot.test.autoconfigure.actuate.metrics.MetricsExportContextCustomizerFactory$DisableMetricExportContextCustomizer@3f9270ed, org.springframework.boot.test.autoconfigure.properties.PropertyMappingContextCustomizer@0, org.springframework.boot.test.autoconfigure.web.servlet.WebDriverContextCustomizerFactory$Customizer@7397c6, org.springframework.boot.test.context.filter.ExcludeFilterContextCustomizer@75a118e6, org.springframework.boot.test.json.DuplicateJsonObjectContextCustomizerFactory$DuplicateJsonObjectContextCustomizer@4a14c44f, org.springframework.boot.test.mock.mockito.MockitoContextCustomizer@3c47c33e], contextLoader = 'org.springframework.test.context.support.DelegatingSmartContextLoader', parent = [null]]]
18:25:57.708 [Test worker] DEBUG org.springframework.test.context.cache - Spring test ApplicationContext cache statistics: [DefaultContextCache@23a918c7 size = 2, maxSize = 32, parentContextCount = 0, hitCount = 2, missCount = 2]
18:25:57.709 [Test worker] DEBUG org.springframework.test.context.support.DependencyInjectionTestExecutionListener - Performing dependency injection for test context [[DefaultTestContext@37314843 testClass = GoogleBooksControllerTest, testInstance = com.bookin.bookin.controller.GoogleBooksControllerTest@2b9e69fb, testMethod = [null], testException = [null], mergedContextConfiguration = [MergedContextConfiguration@50122012 testClass = GoogleBooksControllerTest, locations = '{}', classes = '{class com.bookin.bookin.controller.GoogleBooksController}', contextInitializerClasses = '[]', activeProfiles = '{}', propertySourceLocations = '{}', propertySourceProperties = '{}', contextCustomizers = set[org.springframework.boot.test.autoconfigure.actuate.metrics.MetricsExportContextCustomizerFactory$DisableMetricExportContextCustomizer@3f9270ed, org.springframework.boot.test.autoconfigure.properties.PropertyMappingContextCustomizer@0, org.springframework.boot.test.autoconfigure.web.servlet.WebDriverContextCustomizerFactory$Customizer@7397c6, org.springframework.boot.test.context.filter.ExcludeFilterContextCustomizer@75a118e6, org.springframework.boot.test.json.DuplicateJsonObjectContextCustomizerFactory$DuplicateJsonObjectContextCustomizer@4a14c44f, org.springframework.boot.test.mock.mockito.MockitoContextCustomizer@3c47c33e], contextLoader = 'org.springframework.test.context.support.DelegatingSmartContextLoader', parent = [null]], attributes = map['org.springframework.test.context.event.ApplicationEventsTestExecutionListener.recordApplicationEvents' -> false]]].
18:25:57.709 [Test worker] DEBUG org.springframework.test.context.cache.DefaultCacheAwareContextLoaderDelegate - Retrieved ApplicationContext [1452493025] from cache with key [[MergedContextConfiguration@50122012 testClass = GoogleBooksControllerTest, locations = '{}', classes = '{class com.bookin.bookin.controller.GoogleBooksController}', contextInitializerClasses = '[]', activeProfiles = '{}', propertySourceLocations = '{}', propertySourceProperties = '{}', contextCustomizers = set[org.springframework.boot.test.autoconfigure.actuate.metrics.MetricsExportContextCustomizerFactory$DisableMetricExportContextCustomizer@3f9270ed, org.springframework.boot.test.autoconfigure.properties.PropertyMappingContextCustomizer@0, org.springframework.boot.test.autoconfigure.web.servlet.WebDriverContextCustomizerFactory$Customizer@7397c6, org.springframework.boot.test.context.filter.ExcludeFilterContextCustomizer@75a118e6, org.springframework.boot.test.json.DuplicateJsonObjectContextCustomizerFactory$DuplicateJsonObjectContextCustomizer@4a14c44f, org.springframework.boot.test.mock.mockito.MockitoContextCustomizer@3c47c33e], contextLoader = 'org.springframework.test.context.support.DelegatingSmartContextLoader', parent = [null]]]
18:25:57.710 [Test worker] DEBUG org.springframework.test.context.cache - Spring test ApplicationContext cache statistics: [DefaultContextCache@23a918c7 size = 2, maxSize = 32, parentContextCount = 0, hitCount = 3, missCount = 2]
18:25:57.712 [Test worker] DEBUG org.springframework.test.context.cache.DefaultCacheAwareContextLoaderDelegate - Retrieved ApplicationContext [1452493025] from cache with key [[MergedContextConfiguration@50122012 testClass = GoogleBooksControllerTest, locations = '{}', classes = '{class com.bookin.bookin.controller.GoogleBooksController}', contextInitializerClasses = '[]', activeProfiles = '{}', propertySourceLocations = '{}', propertySourceProperties = '{}', contextCustomizers = set[org.springframework.boot.test.autoconfigure.actuate.metrics.MetricsExportContextCustomizerFactory$DisableMetricExportContextCustomizer@3f9270ed, org.springframework.boot.test.autoconfigure.properties.PropertyMappingContextCustomizer@0, org.springframework.boot.test.autoconfigure.web.servlet.WebDriverContextCustomizerFactory$Customizer@7397c6, org.springframework.boot.test.context.filter.ExcludeFilterContextCustomizer@75a118e6, org.springframework.boot.test.json.DuplicateJsonObjectContextCustomizerFactory$DuplicateJsonObjectContextCustomizer@4a14c44f, org.springframework.boot.test.mock.mockito.MockitoContextCustomizer@3c47c33e], contextLoader = 'org.springframework.test.context.support.DelegatingSmartContextLoader', parent = [null]]]
18:25:57.712 [Test worker] DEBUG org.springframework.test.context.cache - Spring test ApplicationContext cache statistics: [DefaultContextCache@23a918c7 size = 2, maxSize = 32, parentContextCount = 0, hitCount = 4, missCount = 2]
18:25:57.714 [Test worker] DEBUG org.springframework.test.context.support.AbstractDirtiesContextTestExecutionListener - Before test method: context [DefaultTestContext@37314843 testClass = GoogleBooksControllerTest, testInstance = com.bookin.bookin.controller.GoogleBooksControllerTest@2b9e69fb, testMethod = testGetgooglebooks@GoogleBooksControllerTest, testException = [null], mergedContextConfiguration = [MergedContextConfiguration@50122012 testClass = GoogleBooksControllerTest, locations = '{}', classes = '{class com.bookin.bookin.controller.GoogleBooksController}', contextInitializerClasses = '[]', activeProfiles = '{}', propertySourceLocations = '{}', propertySourceProperties = '{}', contextCustomizers = set[org.springframework.boot.test.autoconfigure.actuate.metrics.MetricsExportContextCustomizerFactory$DisableMetricExportContextCustomizer@3f9270ed, org.springframework.boot.test.autoconfigure.properties.PropertyMappingContextCustomizer@0, org.springframework.boot.test.autoconfigure.web.servlet.WebDriverContextCustomizerFactory$Customizer@7397c6, org.springframework.boot.test.context.filter.ExcludeFilterContextCustomizer@75a118e6, org.springframework.boot.test.json.DuplicateJsonObjectContextCustomizerFactory$DuplicateJsonObjectContextCustomizer@4a14c44f, org.springframework.boot.test.mock.mockito.MockitoContextCustomizer@3c47c33e], contextLoader = 'org.springframework.test.context.support.DelegatingSmartContextLoader', parent = [null]], attributes = map['org.springframework.test.context.event.ApplicationEventsTestExecutionListener.recordApplicationEvents' -> false]], class annotated with @DirtiesContext [false] with mode [null], method annotated with @DirtiesContext [false] with mode [null].
18:25:57.718 [Test worker] DEBUG org.springframework.test.context.cache.DefaultCacheAwareContextLoaderDelegate - Retrieved ApplicationContext [1452493025] from cache with key [[MergedContextConfiguration@50122012 testClass = GoogleBooksControllerTest, locations = '{}', classes = '{class com.bookin.bookin.controller.GoogleBooksController}', contextInitializerClasses = '[]', activeProfiles = '{}', propertySourceLocations = '{}', propertySourceProperties = '{}', contextCustomizers = set[org.springframework.boot.test.autoconfigure.actuate.metrics.MetricsExportContextCustomizerFactory$DisableMetricExportContextCustomizer@3f9270ed, org.springframework.boot.test.autoconfigure.properties.PropertyMappingContextCustomizer@0, org.springframework.boot.test.autoconfigure.web.servlet.WebDriverContextCustomizerFactory$Customizer@7397c6, org.springframework.boot.test.context.filter.ExcludeFilterContextCustomizer@75a118e6, org.springframework.boot.test.json.DuplicateJsonObjectContextCustomizerFactory$DuplicateJsonObjectContextCustomizer@4a14c44f, org.springframework.boot.test.mock.mockito.MockitoContextCustomizer@3c47c33e], contextLoader = 'org.springframework.test.context.support.DelegatingSmartContextLoader', parent = [null]]]
18:25:57.718 [Test worker] DEBUG org.springframework.test.context.cache - Spring test ApplicationContext cache statistics: [DefaultContextCache@23a918c7 size = 2, maxSize = 32, parentContextCount = 0, hitCount = 5, missCount = 2]
18:25:57.724 [Test worker] DEBUG reactor.util.Loggers - Using Slf4j logging framework
18:25:57.724 [Test worker] DEBUG reactor.core.publisher.Hooks - Hooking onLastOperator: org.springframework.security.core.context.SecurityContext
18:25:57.727 [Test worker] DEBUG org.springframework.test.context.cache.DefaultCacheAwareContextLoaderDelegate - Retrieved ApplicationContext [1452493025] from cache with key [[MergedContextConfiguration@50122012 testClass = GoogleBooksControllerTest, locations = '{}', classes = '{class com.bookin.bookin.controller.GoogleBooksController}', contextInitializerClasses = '[]', activeProfiles = '{}', propertySourceLocations = '{}', propertySourceProperties = '{}', contextCustomizers = set[org.springframework.boot.test.autoconfigure.actuate.metrics.MetricsExportContextCustomizerFactory$DisableMetricExportContextCustomizer@3f9270ed, org.springframework.boot.test.autoconfigure.properties.PropertyMappingContextCustomizer@0, org.springframework.boot.test.autoconfigure.web.servlet.WebDriverContextCustomizerFactory$Customizer@7397c6, org.springframework.boot.test.context.filter.ExcludeFilterContextCustomizer@75a118e6, org.springframework.boot.test.json.DuplicateJsonObjectContextCustomizerFactory$DuplicateJsonObjectContextCustomizer@4a14c44f, org.springframework.boot.test.mock.mockito.MockitoContextCustomizer@3c47c33e], contextLoader = 'org.springframework.test.context.support.DelegatingSmartContextLoader', parent = [null]]]
18:25:57.727 [Test worker] DEBUG org.springframework.test.context.cache - Spring test ApplicationContext cache statistics: [DefaultContextCache@23a918c7 size = 2, maxSize = 32, parentContextCount = 0, hitCount = 6, missCount = 2]
18:25:57.728 [Test worker] DEBUG org.springframework.test.context.cache.DefaultCacheAwareContextLoaderDelegate - Retrieved ApplicationContext [1452493025] from cache with key [[MergedContextConfiguration@50122012 testClass = GoogleBooksControllerTest, locations = '{}', classes = '{class com.bookin.bookin.controller.GoogleBooksController}', contextInitializerClasses = '[]', activeProfiles = '{}', propertySourceLocations = '{}', propertySourceProperties = '{}', contextCustomizers = set[org.springframework.boot.test.autoconfigure.actuate.metrics.MetricsExportContextCustomizerFactory$DisableMetricExportContextCustomizer@3f9270ed, org.springframework.boot.test.autoconfigure.properties.PropertyMappingContextCustomizer@0, org.springframework.boot.test.autoconfigure.web.servlet.WebDriverContextCustomizerFactory$Customizer@7397c6, org.springframework.boot.test.context.filter.ExcludeFilterContextCustomizer@75a118e6, org.springframework.boot.test.json.DuplicateJsonObjectContextCustomizerFactory$DuplicateJsonObjectContextCustomizer@4a14c44f, org.springframework.boot.test.mock.mockito.MockitoContextCustomizer@3c47c33e], contextLoader = 'org.springframework.test.context.support.DelegatingSmartContextLoader', parent = [null]]]
18:25:57.728 [Test worker] DEBUG org.springframework.test.context.cache - Spring test ApplicationContext cache statistics: [DefaultContextCache@23a918c7 size = 2, maxSize = 32, parentContextCount = 0, hitCount = 7, missCount = 2]
18:25:57.733 [Test worker] DEBUG _org.springframework.web.servlet.HandlerMapping.Mappings - 
	c.b.b.c.GoogleBooksController:
	{ [/api/admin/googlebooks/{id}]}: getgooglebooks(String)
18:25:57.734 [Test worker] DEBUG org.springframework.web.servlet.mvc.method.annotation.RequestMappingHandlerMapping - 1 mappings in org.springframework.web.servlet.mvc.method.annotation.RequestMappingHandlerMapping
18:25:57.736 [Test worker] DEBUG org.springframework.web.servlet.mvc.method.annotation.RequestMappingHandlerAdapter - ControllerAdvice beans: 0 @ModelAttribute, 0 @InitBinder, 1 RequestBodyAdvice, 1 ResponseBodyAdvice
18:25:57.740 [Test worker] DEBUG org.springframework.web.servlet.mvc.method.annotation.ExceptionHandlerExceptionResolver - ControllerAdvice beans: 0 @ExceptionHandler, 1 ResponseBodyAdvice
18:25:57.740 [Test worker] INFO org.springframework.mock.web.MockServletContext - Initializing Spring TestDispatcherServlet ''
18:25:57.740 [Test worker] INFO org.springframework.test.web.servlet.TestDispatcherServlet - Initializing Servlet ''
18:25:57.740 [Test worker] DEBUG org.springframework.test.web.servlet.TestDispatcherServlet - Detected AcceptHeaderLocaleResolver
18:25:57.740 [Test worker] DEBUG org.springframework.test.web.servlet.TestDispatcherServlet - Detected FixedThemeResolver
18:25:57.740 [Test worker] DEBUG org.springframework.test.web.servlet.TestDispatcherServlet - Detected org.springframework.web.servlet.view.DefaultRequestToViewNameTranslator@19105a87
18:25:57.740 [Test worker] DEBUG org.springframework.test.web.servlet.TestDispatcherServlet - Detected org.springframework.web.servlet.support.SessionFlashMapManager@83b0d0f
18:25:57.740 [Test worker] DEBUG org.springframework.test.web.servlet.TestDispatcherServlet - enableLoggingRequestDetails='false': request parameters and headers will be masked to prevent unsafe logging of potentially sensitive data
18:25:57.740 [Test worker] INFO org.springframework.test.web.servlet.TestDispatcherServlet - Completed initialization in 0 ms
18:25:57.743 [Test worker] DEBUG org.springframework.test.web.servlet.TestDispatcherServlet - POST "/login", parameters={masked}
18:25:57.747 [Test worker] WARN org.springframework.web.servlet.PageNotFound - No mapping for POST /login
18:25:57.747 [Test worker] DEBUG org.springframework.test.web.servlet.TestDispatcherServlet - Completed 404 NOT_FOUND
18:25:57.748 [Test worker] DEBUG org.springframework.test.context.cache.DefaultCacheAwareContextLoaderDelegate - Retrieved ApplicationContext [1452493025] from cache with key [[MergedContextConfiguration@50122012 testClass = GoogleBooksControllerTest, locations = '{}', classes = '{class com.bookin.bookin.controller.GoogleBooksController}', contextInitializerClasses = '[]', activeProfiles = '{}', propertySourceLocations = '{}', propertySourceProperties = '{}', contextCustomizers = set[org.springframework.boot.test.autoconfigure.actuate.metrics.MetricsExportContextCustomizerFactory$DisableMetricExportContextCustomizer@3f9270ed, org.springframework.boot.test.autoconfigure.properties.PropertyMappingContextCustomizer@0, org.springframework.boot.test.autoconfigure.web.servlet.WebDriverContextCustomizerFactory$Customizer@7397c6, org.springframework.boot.test.context.filter.ExcludeFilterContextCustomizer@75a118e6, org.springframework.boot.test.json.DuplicateJsonObjectContextCustomizerFactory$DuplicateJsonObjectContextCustomizer@4a14c44f, org.springframework.boot.test.mock.mockito.MockitoContextCustomizer@3c47c33e], contextLoader = 'org.springframework.test.context.support.DelegatingSmartContextLoader', parent = [null]]]
18:25:57.749 [Test worker] DEBUG org.springframework.test.context.cache - Spring test ApplicationContext cache statistics: [DefaultContextCache@23a918c7 size = 2, maxSize = 32, parentContextCount = 0, hitCount = 8, missCount = 2]
18:25:57.749 [Test worker] DEBUG org.springframework.test.context.cache.DefaultCacheAwareContextLoaderDelegate - Retrieved ApplicationContext [1452493025] from cache with key [[MergedContextConfiguration@50122012 testClass = GoogleBooksControllerTest, locations = '{}', classes = '{class com.bookin.bookin.controller.GoogleBooksController}', contextInitializerClasses = '[]', activeProfiles = '{}', propertySourceLocations = '{}', propertySourceProperties = '{}', contextCustomizers = set[org.springframework.boot.test.autoconfigure.actuate.metrics.MetricsExportContextCustomizerFactory$DisableMetricExportContextCustomizer@3f9270ed, org.springframework.boot.test.autoconfigure.properties.PropertyMappingContextCustomizer@0, org.springframework.boot.test.autoconfigure.web.servlet.WebDriverContextCustomizerFactory$Customizer@7397c6, org.springframework.boot.test.context.filter.ExcludeFilterContextCustomizer@75a118e6, org.springframework.boot.test.json.DuplicateJsonObjectContextCustomizerFactory$DuplicateJsonObjectContextCustomizer@4a14c44f, org.springframework.boot.test.mock.mockito.MockitoContextCustomizer@3c47c33e], contextLoader = 'org.springframework.test.context.support.DelegatingSmartContextLoader', parent = [null]]]
18:25:57.749 [Test worker] DEBUG org.springframework.test.context.cache - Spring test ApplicationContext cache statistics: [DefaultContextCache@23a918c7 size = 2, maxSize = 32, parentContextCount = 0, hitCount = 9, missCount = 2]
18:25:57.750 [Test worker] DEBUG org.springframework.test.context.cache.DefaultCacheAwareContextLoaderDelegate - Retrieved ApplicationContext [1452493025] from cache with key [[MergedContextConfiguration@50122012 testClass = GoogleBooksControllerTest, locations = '{}', classes = '{class com.bookin.bookin.controller.GoogleBooksController}', contextInitializerClasses = '[]', activeProfiles = '{}', propertySourceLocations = '{}', propertySourceProperties = '{}', contextCustomizers = set[org.springframework.boot.test.autoconfigure.actuate.metrics.MetricsExportContextCustomizerFactory$DisableMetricExportContextCustomizer@3f9270ed, org.springframework.boot.test.autoconfigure.properties.PropertyMappingContextCustomizer@0, org.springframework.boot.test.autoconfigure.web.servlet.WebDriverContextCustomizerFactory$Customizer@7397c6, org.springframework.boot.test.context.filter.ExcludeFilterContextCustomizer@75a118e6, org.springframework.boot.test.json.DuplicateJsonObjectContextCustomizerFactory$DuplicateJsonObjectContextCustomizer@4a14c44f, org.springframework.boot.test.mock.mockito.MockitoContextCustomizer@3c47c33e], contextLoader = 'org.springframework.test.context.support.DelegatingSmartContextLoader', parent = [null]]]
18:25:57.750 [Test worker] DEBUG org.springframework.test.context.cache - Spring test ApplicationContext cache statistics: [DefaultContextCache@23a918c7 size = 2, maxSize = 32, parentContextCount = 0, hitCount = 10, missCount = 2]
18:25:57.750 [Test worker] DEBUG org.springframework.test.context.cache.DefaultCacheAwareContextLoaderDelegate - Retrieved ApplicationContext [1452493025] from cache with key [[MergedContextConfiguration@50122012 testClass = GoogleBooksControllerTest, locations = '{}', classes = '{class com.bookin.bookin.controller.GoogleBooksController}', contextInitializerClasses = '[]', activeProfiles = '{}', propertySourceLocations = '{}', propertySourceProperties = '{}', contextCustomizers = set[org.springframework.boot.test.autoconfigure.actuate.metrics.MetricsExportContextCustomizerFactory$DisableMetricExportContextCustomizer@3f9270ed, org.springframework.boot.test.autoconfigure.properties.PropertyMappingContextCustomizer@0, org.springframework.boot.test.autoconfigure.web.servlet.WebDriverContextCustomizerFactory$Customizer@7397c6, org.springframework.boot.test.context.filter.ExcludeFilterContextCustomizer@75a118e6, org.springframework.boot.test.json.DuplicateJsonObjectContextCustomizerFactory$DuplicateJsonObjectContextCustomizer@4a14c44f, org.springframework.boot.test.mock.mockito.MockitoContextCustomizer@3c47c33e], contextLoader = 'org.springframework.test.context.support.DelegatingSmartContextLoader', parent = [null]]]
18:25:57.750 [Test worker] DEBUG org.springframework.test.context.cache - Spring test ApplicationContext cache statistics: [DefaultContextCache@23a918c7 size = 2, maxSize = 32, parentContextCount = 0, hitCount = 11, missCount = 2]
18:25:57.752 [Test worker] DEBUG org.springframework.test.context.cache.DefaultCacheAwareContextLoaderDelegate - Retrieved ApplicationContext [1452493025] from cache with key [[MergedContextConfiguration@50122012 testClass = GoogleBooksControllerTest, locations = '{}', classes = '{class com.bookin.bookin.controller.GoogleBooksController}', contextInitializerClasses = '[]', activeProfiles = '{}', propertySourceLocations = '{}', propertySourceProperties = '{}', contextCustomizers = set[org.springframework.boot.test.autoconfigure.actuate.metrics.MetricsExportContextCustomizerFactory$DisableMetricExportContextCustomizer@3f9270ed, org.springframework.boot.test.autoconfigure.properties.PropertyMappingContextCustomizer@0, org.springframework.boot.test.autoconfigure.web.servlet.WebDriverContextCustomizerFactory$Customizer@7397c6, org.springframework.boot.test.context.filter.ExcludeFilterContextCustomizer@75a118e6, org.springframework.boot.test.json.DuplicateJsonObjectContextCustomizerFactory$DuplicateJsonObjectContextCustomizer@4a14c44f, org.springframework.boot.test.mock.mockito.MockitoContextCustomizer@3c47c33e], contextLoader = 'org.springframework.test.context.support.DelegatingSmartContextLoader', parent = [null]]]
18:25:57.752 [Test worker] DEBUG org.springframework.test.context.cache - Spring test ApplicationContext cache statistics: [DefaultContextCache@23a918c7 size = 2, maxSize = 32, parentContextCount = 0, hitCount = 12, missCount = 2]
18:25:57.753 [Test worker] DEBUG reactor.core.publisher.Hooks - Reset onLastOperator: org.springframework.security.core.context.SecurityContext
18:25:57.753 [Test worker] DEBUG org.springframework.test.context.cache.DefaultCacheAwareContextLoaderDelegate - Retrieved ApplicationContext [1452493025] from cache with key [[MergedContextConfiguration@50122012 testClass = GoogleBooksControllerTest, locations = '{}', classes = '{class com.bookin.bookin.controller.GoogleBooksController}', contextInitializerClasses = '[]', activeProfiles = '{}', propertySourceLocations = '{}', propertySourceProperties = '{}', contextCustomizers = set[org.springframework.boot.test.autoconfigure.actuate.metrics.MetricsExportContextCustomizerFactory$DisableMetricExportContextCustomizer@3f9270ed, org.springframework.boot.test.autoconfigure.properties.PropertyMappingContextCustomizer@0, org.springframework.boot.test.autoconfigure.web.servlet.WebDriverContextCustomizerFactory$Customizer@7397c6, org.springframework.boot.test.context.filter.ExcludeFilterContextCustomizer@75a118e6, org.springframework.boot.test.json.DuplicateJsonObjectContextCustomizerFactory$DuplicateJsonObjectContextCustomizer@4a14c44f, org.springframework.boot.test.mock.mockito.MockitoContextCustomizer@3c47c33e], contextLoader = 'org.springframework.test.context.support.DelegatingSmartContextLoader', parent = [null]]]
18:25:57.753 [Test worker] DEBUG org.springframework.test.context.cache - Spring test ApplicationContext cache statistics: [DefaultContextCache@23a918c7 size = 2, maxSize = 32, parentContextCount = 0, hitCount = 13, missCount = 2]
18:25:57.755 [Test worker] DEBUG org.springframework.test.context.support.AbstractDirtiesContextTestExecutionListener - After test method: context [DefaultTestContext@37314843 testClass = GoogleBooksControllerTest, testInstance = com.bookin.bookin.controller.GoogleBooksControllerTest@2b9e69fb, testMethod = testGetgooglebooks@GoogleBooksControllerTest, testException = [null], mergedContextConfiguration = [MergedContextConfiguration@50122012 testClass = GoogleBooksControllerTest, locations = '{}', classes = '{class com.bookin.bookin.controller.GoogleBooksController}', contextInitializerClasses = '[]', activeProfiles = '{}', propertySourceLocations = '{}', propertySourceProperties = '{}', contextCustomizers = set[org.springframework.boot.test.autoconfigure.actuate.metrics.MetricsExportContextCustomizerFactory$DisableMetricExportContextCustomizer@3f9270ed, org.springframework.boot.test.autoconfigure.properties.PropertyMappingContextCustomizer@0, org.springframework.boot.test.autoconfigure.web.servlet.WebDriverContextCustomizerFactory$Customizer@7397c6, org.springframework.boot.test.context.filter.ExcludeFilterContextCustomizer@75a118e6, org.springframework.boot.test.json.DuplicateJsonObjectContextCustomizerFactory$DuplicateJsonObjectContextCustomizer@4a14c44f, org.springframework.boot.test.mock.mockito.MockitoContextCustomizer@3c47c33e], contextLoader = 'org.springframework.test.context.support.DelegatingSmartContextLoader', parent = [null]], attributes = map['org.springframework.test.context.event.ApplicationEventsTestExecutionListener.recordApplicationEvents' -> false]], class annotated with @DirtiesContext [false] with mode [null], method annotated with @DirtiesContext [false] with mode [null].
18:25:57.755 [Test worker] DEBUG org.springframework.test.context.cache.DefaultCacheAwareContextLoaderDelegate - Retrieved ApplicationContext [1452493025] from cache with key [[MergedContextConfiguration@50122012 testClass = GoogleBooksControllerTest, locations = '{}', classes = '{class com.bookin.bookin.controller.GoogleBooksController}', contextInitializerClasses = '[]', activeProfiles = '{}', propertySourceLocations = '{}', propertySourceProperties = '{}', contextCustomizers = set[org.springframework.boot.test.autoconfigure.actuate.metrics.MetricsExportContextCustomizerFactory$DisableMetricExportContextCustomizer@3f9270ed, org.springframework.boot.test.autoconfigure.properties.PropertyMappingContextCustomizer@0, org.springframework.boot.test.autoconfigure.web.servlet.WebDriverContextCustomizerFactory$Customizer@7397c6, org.springframework.boot.test.context.filter.ExcludeFilterContextCustomizer@75a118e6, org.springframework.boot.test.json.DuplicateJsonObjectContextCustomizerFactory$DuplicateJsonObjectContextCustomizer@4a14c44f, org.springframework.boot.test.mock.mockito.MockitoContextCustomizer@3c47c33e], contextLoader = 'org.springframework.test.context.support.DelegatingSmartContextLoader', parent = [null]]]
18:25:57.755 [Test worker] DEBUG org.springframework.test.context.cache - Spring test ApplicationContext cache statistics: [DefaultContextCache@23a918c7 size = 2, maxSize = 32, parentContextCount = 0, hitCount = 14, missCount = 2]
18:25:57.755 [Test worker] DEBUG org.springframework.test.context.support.AbstractDirtiesContextTestExecutionListener - After test class: context [DefaultTestContext@37314843 testClass = GoogleBooksControllerTest, testInstance = [null], testMethod = [null], testException = [null], mergedContextConfiguration = [MergedContextConfiguration@50122012 testClass = GoogleBooksControllerTest, locations = '{}', classes = '{class com.bookin.bookin.controller.GoogleBooksController}', contextInitializerClasses = '[]', activeProfiles = '{}', propertySourceLocations = '{}', propertySourceProperties = '{}', contextCustomizers = set[org.springframework.boot.test.autoconfigure.actuate.metrics.MetricsExportContextCustomizerFactory$DisableMetricExportContextCustomizer@3f9270ed, org.springframework.boot.test.autoconfigure.properties.PropertyMappingContextCustomizer@0, org.springframework.boot.test.autoconfigure.web.servlet.WebDriverContextCustomizerFactory$Customizer@7397c6, org.springframework.boot.test.context.filter.ExcludeFilterContextCustomizer@75a118e6, org.springframework.boot.test.json.DuplicateJsonObjectContextCustomizerFactory$DuplicateJsonObjectContextCustomizer@4a14c44f, org.springframework.boot.test.mock.mockito.MockitoContextCustomizer@3c47c33e], contextLoader = 'org.springframework.test.context.support.DelegatingSmartContextLoader', parent = [null]], attributes = map['org.springframework.test.context.event.ApplicationEventsTestExecutionListener.recordApplicationEvents' -> false]], class annotated with @DirtiesContext [false] with mode [null].
]]></system-out>
  <system-err><![CDATA[]]></system-err>
</testsuite>
