<?xml version="1.0" encoding="UTF-8"?>
<testsuite name="com.bookin.bookin.controller.GoogleBooksControllerTest" tests="1" skipped="0" failures="0" errors="0" timestamp="2023-05-26T13:18:32" hostname="ADITYA" time="0.043">
  <properties/>
  <testcase name="testGetgooglebooks()" classname="com.bookin.bookin.controller.GoogleBooksControllerTest" time="0.043"/>
  <system-out><![CDATA[18:48:32.639 [Test worker] DEBUG org.springframework.test.context.BootstrapUtils - Instantiating CacheAwareContextLoaderDelegate from class [org.springframework.test.context.cache.DefaultCacheAwareContextLoaderDelegate]
18:48:32.639 [Test worker] DEBUG org.springframework.test.context.BootstrapUtils - Instantiating BootstrapContext using constructor [public org.springframework.test.context.support.DefaultBootstrapContext(java.lang.Class,org.springframework.test.context.CacheAwareContextLoaderDelegate)]
18:48:32.639 [Test worker] DEBUG org.springframework.test.context.BootstrapUtils - Instantiating TestContextBootstrapper for test class [com.bookin.bookin.controller.GoogleBooksControllerTest] from class [org.springframework.test.context.support.DefaultTestContextBootstrapper]
18:48:32.639 [Test worker] DEBUG org.springframework.test.context.support.AbstractDelegatingSmartContextLoader - Delegating to AnnotationConfigContextLoader to process context configuration [ContextConfigurationAttributes@2f04993d declaringClass = 'com.bookin.bookin.controller.GoogleBooksControllerTest', classes = '{class com.bookin.bookin.controller.GoogleBooksController}', locations = '{}', inheritLocations = true, initializers = '{}', inheritInitializers = true, name = [null], contextLoaderClass = 'org.springframework.test.context.ContextLoader'].
18:48:32.639 [Test worker] DEBUG org.springframework.test.context.support.ActiveProfilesUtils - Could not find an 'annotation declaring class' for annotation type [org.springframework.test.context.ActiveProfiles] and class [com.bookin.bookin.controller.GoogleBooksControllerTest]
18:48:32.639 [Test worker] DEBUG org.springframework.test.context.support.DefaultTestContextBootstrapper - @TestExecutionListeners is not present for class [com.bookin.bookin.controller.GoogleBooksControllerTest]: using defaults.
18:48:32.639 [Test worker] INFO org.springframework.test.context.support.DefaultTestContextBootstrapper - Loaded default TestExecutionListener class names from location [META-INF/spring.factories]: [org.springframework.security.test.context.support.WithSecurityContextTestExecutionListener, org.springframework.security.test.context.support.ReactorContextTestExecutionListener, org.springframework.boot.test.autoconfigure.restdocs.RestDocsTestExecutionListener, org.springframework.boot.test.autoconfigure.web.client.MockRestServiceServerResetTestExecutionListener, org.springframework.boot.test.autoconfigure.web.servlet.MockMvcPrintOnlyOnFailureTestExecutionListener, org.springframework.boot.test.autoconfigure.web.servlet.WebDriverTestExecutionListener, org.springframework.boot.test.autoconfigure.webservices.client.MockWebServiceServerTestExecutionListener, org.springframework.boot.test.mock.mockito.MockitoTestExecutionListener, org.springframework.boot.test.mock.mockito.ResetMocksTestExecutionListener, org.springframework.test.context.web.ServletTestExecutionListener, org.springframework.test.context.support.DirtiesContextBeforeModesTestExecutionListener, org.springframework.test.context.event.ApplicationEventsTestExecutionListener, org.springframework.test.context.support.DependencyInjectionTestExecutionListener, org.springframework.test.context.support.DirtiesContextTestExecutionListener, org.springframework.test.context.transaction.TransactionalTestExecutionListener, org.springframework.test.context.jdbc.SqlScriptsTestExecutionListener, org.springframework.test.context.event.EventPublishingTestExecutionListener]
18:48:32.639 [Test worker] INFO org.springframework.test.context.support.DefaultTestContextBootstrapper - Using TestExecutionListeners: [org.springframework.test.context.web.ServletTestExecutionListener@5d14e99e, org.springframework.test.context.support.DirtiesContextBeforeModesTestExecutionListener@38cfecf3, org.springframework.test.context.event.ApplicationEventsTestExecutionListener@682618e5, org.springframework.boot.test.mock.mockito.MockitoTestExecutionListener@25ad25f5, org.springframework.test.context.support.DependencyInjectionTestExecutionListener@5f0f70c7, org.springframework.test.context.support.DirtiesContextTestExecutionListener@1860a7a1, org.springframework.test.context.transaction.TransactionalTestExecutionListener@40d96578, org.springframework.test.context.jdbc.SqlScriptsTestExecutionListener@c97721b, org.springframework.security.test.context.support.WithSecurityContextTestExecutionListener@283ab206, org.springframework.test.context.event.EventPublishingTestExecutionListener@35fa450f, org.springframework.security.test.context.support.ReactorContextTestExecutionListener@3e03046d, org.springframework.boot.test.autoconfigure.restdocs.RestDocsTestExecutionListener@9b3be1c, org.springframework.boot.test.autoconfigure.web.client.MockRestServiceServerResetTestExecutionListener@74e497ae, org.springframework.boot.test.autoconfigure.web.servlet.MockMvcPrintOnlyOnFailureTestExecutionListener@13516600, org.springframework.boot.test.autoconfigure.web.servlet.WebDriverTestExecutionListener@35d7386b, org.springframework.boot.test.autoconfigure.webservices.client.MockWebServiceServerTestExecutionListener@21002393, org.springframework.boot.test.mock.mockito.ResetMocksTestExecutionListener@718989fa]
18:48:32.639 [Test worker] DEBUG org.springframework.test.context.support.AbstractDirtiesContextTestExecutionListener - Before test class: context [DefaultTestContext@69f080ad testClass = GoogleBooksControllerTest, testInstance = [null], testMethod = [null], testException = [null], mergedContextConfiguration = [MergedContextConfiguration@6568f998 testClass = GoogleBooksControllerTest, locations = '{}', classes = '{class com.bookin.bookin.controller.GoogleBooksController}', contextInitializerClasses = '[]', activeProfiles = '{}', propertySourceLocations = '{}', propertySourceProperties = '{}', contextCustomizers = set[org.springframework.boot.test.autoconfigure.actuate.metrics.MetricsExportContextCustomizerFactory$DisableMetricExportContextCustomizer@27a2a089, org.springframework.boot.test.autoconfigure.properties.PropertyMappingContextCustomizer@0, org.springframework.boot.test.autoconfigure.web.servlet.WebDriverContextCustomizerFactory$Customizer@21ac5eb4, org.springframework.boot.test.context.filter.ExcludeFilterContextCustomizer@7397c6, org.springframework.boot.test.json.DuplicateJsonObjectContextCustomizerFactory$DuplicateJsonObjectContextCustomizer@75a118e6, org.springframework.boot.test.mock.mockito.MockitoContextCustomizer@2c653bb6], contextLoader = 'org.springframework.test.context.support.DelegatingSmartContextLoader', parent = [null]], attributes = map[[empty]]], class annotated with @DirtiesContext [false] with mode [null].
18:48:32.639 [Test worker] DEBUG org.springframework.test.context.support.AbstractDelegatingSmartContextLoader - Delegating to AnnotationConfigContextLoader to load context from [MergedContextConfiguration@6568f998 testClass = GoogleBooksControllerTest, locations = '{}', classes = '{class com.bookin.bookin.controller.GoogleBooksController}', contextInitializerClasses = '[]', activeProfiles = '{}', propertySourceLocations = '{}', propertySourceProperties = '{}', contextCustomizers = set[org.springframework.boot.test.autoconfigure.actuate.metrics.MetricsExportContextCustomizerFactory$DisableMetricExportContextCustomizer@27a2a089, org.springframework.boot.test.autoconfigure.properties.PropertyMappingContextCustomizer@0, org.springframework.boot.test.autoconfigure.web.servlet.WebDriverContextCustomizerFactory$Customizer@21ac5eb4, org.springframework.boot.test.context.filter.ExcludeFilterContextCustomizer@7397c6, org.springframework.boot.test.json.DuplicateJsonObjectContextCustomizerFactory$DuplicateJsonObjectContextCustomizer@75a118e6, org.springframework.boot.test.mock.mockito.MockitoContextCustomizer@2c653bb6], contextLoader = 'org.springframework.test.context.support.DelegatingSmartContextLoader', parent = [null]].
18:48:32.639 [Test worker] DEBUG org.springframework.test.context.support.AbstractGenericContextLoader - Loading ApplicationContext for merged context configuration [[MergedContextConfiguration@6568f998 testClass = GoogleBooksControllerTest, locations = '{}', classes = '{class com.bookin.bookin.controller.GoogleBooksController}', contextInitializerClasses = '[]', activeProfiles = '{}', propertySourceLocations = '{}', propertySourceProperties = '{}', contextCustomizers = set[org.springframework.boot.test.autoconfigure.actuate.metrics.MetricsExportContextCustomizerFactory$DisableMetricExportContextCustomizer@27a2a089, org.springframework.boot.test.autoconfigure.properties.PropertyMappingContextCustomizer@0, org.springframework.boot.test.autoconfigure.web.servlet.WebDriverContextCustomizerFactory$Customizer@21ac5eb4, org.springframework.boot.test.context.filter.ExcludeFilterContextCustomizer@7397c6, org.springframework.boot.test.json.DuplicateJsonObjectContextCustomizerFactory$DuplicateJsonObjectContextCustomizer@75a118e6, org.springframework.boot.test.mock.mockito.MockitoContextCustomizer@2c653bb6], contextLoader = 'org.springframework.test.context.support.DelegatingSmartContextLoader', parent = [null]]].
18:48:32.639 [Test worker] DEBUG org.springframework.core.env.StandardEnvironment - Activating profiles []
18:48:32.639 [Test worker] DEBUG org.springframework.test.context.support.AnnotationConfigContextLoader - Registering component classes: {class com.bookin.bookin.controller.GoogleBooksController}
18:48:32.639 [Test worker] DEBUG org.springframework.context.support.GenericApplicationContext - Refreshing org.springframework.context.support.GenericApplicationContext@45d4421d
18:48:32.639 [Test worker] DEBUG org.springframework.beans.factory.support.DefaultListableBeanFactory - Creating shared instance of singleton bean 'org.springframework.context.annotation.internalConfigurationAnnotationProcessor'
18:48:32.655 [Test worker] DEBUG org.springframework.beans.factory.support.DefaultListableBeanFactory - Creating shared instance of singleton bean 'org.springframework.boot.test.mock.mockito.MockitoPostProcessor'
18:48:32.846 [Test worker] DEBUG org.springframework.beans.factory.support.DefaultListableBeanFactory - Creating shared instance of singleton bean 'org.springframework.context.event.internalEventListenerProcessor'
18:48:32.846 [Test worker] DEBUG org.springframework.beans.factory.support.DefaultListableBeanFactory - Creating shared instance of singleton bean 'org.springframework.context.event.internalEventListenerFactory'
18:48:32.846 [Test worker] DEBUG org.springframework.beans.factory.support.DefaultListableBeanFactory - Creating shared instance of singleton bean 'org.springframework.context.annotation.internalAutowiredAnnotationProcessor'
18:48:32.846 [Test worker] DEBUG org.springframework.beans.factory.support.DefaultListableBeanFactory - Creating shared instance of singleton bean 'org.springframework.context.annotation.internalCommonAnnotationProcessor'
18:48:32.848 [Test worker] DEBUG org.springframework.beans.factory.support.DefaultListableBeanFactory - Creating shared instance of singleton bean 'org.springframework.context.annotation.internalPersistenceAnnotationProcessor'
18:48:32.848 [Test worker] DEBUG org.springframework.beans.factory.support.DefaultListableBeanFactory - Creating shared instance of singleton bean 'org.springframework.boot.test.mock.mockito.MockitoPostProcessor$SpyPostProcessor'
18:48:32.848 [Test worker] DEBUG org.springframework.beans.factory.support.DefaultListableBeanFactory - Creating shared instance of singleton bean 'googleBooksController'
18:48:32.852 [Test worker] DEBUG org.springframework.test.context.cache.DefaultCacheAwareContextLoaderDelegate - Storing ApplicationContext [1171538461] in cache under key [[MergedContextConfiguration@6568f998 testClass = GoogleBooksControllerTest, locations = '{}', classes = '{class com.bookin.bookin.controller.GoogleBooksController}', contextInitializerClasses = '[]', activeProfiles = '{}', propertySourceLocations = '{}', propertySourceProperties = '{}', contextCustomizers = set[org.springframework.boot.test.autoconfigure.actuate.metrics.MetricsExportContextCustomizerFactory$DisableMetricExportContextCustomizer@27a2a089, org.springframework.boot.test.autoconfigure.properties.PropertyMappingContextCustomizer@0, org.springframework.boot.test.autoconfigure.web.servlet.WebDriverContextCustomizerFactory$Customizer@21ac5eb4, org.springframework.boot.test.context.filter.ExcludeFilterContextCustomizer@7397c6, org.springframework.boot.test.json.DuplicateJsonObjectContextCustomizerFactory$DuplicateJsonObjectContextCustomizer@75a118e6, org.springframework.boot.test.mock.mockito.MockitoContextCustomizer@2c653bb6], contextLoader = 'org.springframework.test.context.support.DelegatingSmartContextLoader', parent = [null]]]
18:48:32.852 [Test worker] DEBUG org.springframework.test.context.cache - Spring test ApplicationContext cache statistics: [DefaultContextCache@6fbb4061 size = 2, maxSize = 32, parentContextCount = 0, hitCount = 2, missCount = 2]
18:48:32.854 [Test worker] DEBUG org.springframework.test.context.support.DependencyInjectionTestExecutionListener - Performing dependency injection for test context [[DefaultTestContext@69f080ad testClass = GoogleBooksControllerTest, testInstance = com.bookin.bookin.controller.GoogleBooksControllerTest@43e3a390, testMethod = [null], testException = [null], mergedContextConfiguration = [MergedContextConfiguration@6568f998 testClass = GoogleBooksControllerTest, locations = '{}', classes = '{class com.bookin.bookin.controller.GoogleBooksController}', contextInitializerClasses = '[]', activeProfiles = '{}', propertySourceLocations = '{}', propertySourceProperties = '{}', contextCustomizers = set[org.springframework.boot.test.autoconfigure.actuate.metrics.MetricsExportContextCustomizerFactory$DisableMetricExportContextCustomizer@27a2a089, org.springframework.boot.test.autoconfigure.properties.PropertyMappingContextCustomizer@0, org.springframework.boot.test.autoconfigure.web.servlet.WebDriverContextCustomizerFactory$Customizer@21ac5eb4, org.springframework.boot.test.context.filter.ExcludeFilterContextCustomizer@7397c6, org.springframework.boot.test.json.DuplicateJsonObjectContextCustomizerFactory$DuplicateJsonObjectContextCustomizer@75a118e6, org.springframework.boot.test.mock.mockito.MockitoContextCustomizer@2c653bb6], contextLoader = 'org.springframework.test.context.support.DelegatingSmartContextLoader', parent = [null]], attributes = map['org.springframework.test.context.event.ApplicationEventsTestExecutionListener.recordApplicationEvents' -> false]]].
18:48:32.854 [Test worker] DEBUG org.springframework.test.context.cache.DefaultCacheAwareContextLoaderDelegate - Retrieved ApplicationContext [1171538461] from cache with key [[MergedContextConfiguration@6568f998 testClass = GoogleBooksControllerTest, locations = '{}', classes = '{class com.bookin.bookin.controller.GoogleBooksController}', contextInitializerClasses = '[]', activeProfiles = '{}', propertySourceLocations = '{}', propertySourceProperties = '{}', contextCustomizers = set[org.springframework.boot.test.autoconfigure.actuate.metrics.MetricsExportContextCustomizerFactory$DisableMetricExportContextCustomizer@27a2a089, org.springframework.boot.test.autoconfigure.properties.PropertyMappingContextCustomizer@0, org.springframework.boot.test.autoconfigure.web.servlet.WebDriverContextCustomizerFactory$Customizer@21ac5eb4, org.springframework.boot.test.context.filter.ExcludeFilterContextCustomizer@7397c6, org.springframework.boot.test.json.DuplicateJsonObjectContextCustomizerFactory$DuplicateJsonObjectContextCustomizer@75a118e6, org.springframework.boot.test.mock.mockito.MockitoContextCustomizer@2c653bb6], contextLoader = 'org.springframework.test.context.support.DelegatingSmartContextLoader', parent = [null]]]
18:48:32.854 [Test worker] DEBUG org.springframework.test.context.cache - Spring test ApplicationContext cache statistics: [DefaultContextCache@6fbb4061 size = 2, maxSize = 32, parentContextCount = 0, hitCount = 3, missCount = 2]
18:48:32.856 [Test worker] DEBUG org.springframework.test.context.cache.DefaultCacheAwareContextLoaderDelegate - Retrieved ApplicationContext [1171538461] from cache with key [[MergedContextConfiguration@6568f998 testClass = GoogleBooksControllerTest, locations = '{}', classes = '{class com.bookin.bookin.controller.GoogleBooksController}', contextInitializerClasses = '[]', activeProfiles = '{}', propertySourceLocations = '{}', propertySourceProperties = '{}', contextCustomizers = set[org.springframework.boot.test.autoconfigure.actuate.metrics.MetricsExportContextCustomizerFactory$DisableMetricExportContextCustomizer@27a2a089, org.springframework.boot.test.autoconfigure.properties.PropertyMappingContextCustomizer@0, org.springframework.boot.test.autoconfigure.web.servlet.WebDriverContextCustomizerFactory$Customizer@21ac5eb4, org.springframework.boot.test.context.filter.ExcludeFilterContextCustomizer@7397c6, org.springframework.boot.test.json.DuplicateJsonObjectContextCustomizerFactory$DuplicateJsonObjectContextCustomizer@75a118e6, org.springframework.boot.test.mock.mockito.MockitoContextCustomizer@2c653bb6], contextLoader = 'org.springframework.test.context.support.DelegatingSmartContextLoader', parent = [null]]]
18:48:32.856 [Test worker] DEBUG org.springframework.test.context.cache - Spring test ApplicationContext cache statistics: [DefaultContextCache@6fbb4061 size = 2, maxSize = 32, parentContextCount = 0, hitCount = 4, missCount = 2]
18:48:32.858 [Test worker] DEBUG org.springframework.test.context.support.AbstractDirtiesContextTestExecutionListener - Before test method: context [DefaultTestContext@69f080ad testClass = GoogleBooksControllerTest, testInstance = com.bookin.bookin.controller.GoogleBooksControllerTest@43e3a390, testMethod = testGetgooglebooks@GoogleBooksControllerTest, testException = [null], mergedContextConfiguration = [MergedContextConfiguration@6568f998 testClass = GoogleBooksControllerTest, locations = '{}', classes = '{class com.bookin.bookin.controller.GoogleBooksController}', contextInitializerClasses = '[]', activeProfiles = '{}', propertySourceLocations = '{}', propertySourceProperties = '{}', contextCustomizers = set[org.springframework.boot.test.autoconfigure.actuate.metrics.MetricsExportContextCustomizerFactory$DisableMetricExportContextCustomizer@27a2a089, org.springframework.boot.test.autoconfigure.properties.PropertyMappingContextCustomizer@0, org.springframework.boot.test.autoconfigure.web.servlet.WebDriverContextCustomizerFactory$Customizer@21ac5eb4, org.springframework.boot.test.context.filter.ExcludeFilterContextCustomizer@7397c6, org.springframework.boot.test.json.DuplicateJsonObjectContextCustomizerFactory$DuplicateJsonObjectContextCustomizer@75a118e6, org.springframework.boot.test.mock.mockito.MockitoContextCustomizer@2c653bb6], contextLoader = 'org.springframework.test.context.support.DelegatingSmartContextLoader', parent = [null]], attributes = map['org.springframework.test.context.event.ApplicationEventsTestExecutionListener.recordApplicationEvents' -> false]], class annotated with @DirtiesContext [false] with mode [null], method annotated with @DirtiesContext [false] with mode [null].
18:48:32.865 [Test worker] DEBUG org.springframework.test.context.cache.DefaultCacheAwareContextLoaderDelegate - Retrieved ApplicationContext [1171538461] from cache with key [[MergedContextConfiguration@6568f998 testClass = GoogleBooksControllerTest, locations = '{}', classes = '{class com.bookin.bookin.controller.GoogleBooksController}', contextInitializerClasses = '[]', activeProfiles = '{}', propertySourceLocations = '{}', propertySourceProperties = '{}', contextCustomizers = set[org.springframework.boot.test.autoconfigure.actuate.metrics.MetricsExportContextCustomizerFactory$DisableMetricExportContextCustomizer@27a2a089, org.springframework.boot.test.autoconfigure.properties.PropertyMappingContextCustomizer@0, org.springframework.boot.test.autoconfigure.web.servlet.WebDriverContextCustomizerFactory$Customizer@21ac5eb4, org.springframework.boot.test.context.filter.ExcludeFilterContextCustomizer@7397c6, org.springframework.boot.test.json.DuplicateJsonObjectContextCustomizerFactory$DuplicateJsonObjectContextCustomizer@75a118e6, org.springframework.boot.test.mock.mockito.MockitoContextCustomizer@2c653bb6], contextLoader = 'org.springframework.test.context.support.DelegatingSmartContextLoader', parent = [null]]]
18:48:32.865 [Test worker] DEBUG org.springframework.test.context.cache - Spring test ApplicationContext cache statistics: [DefaultContextCache@6fbb4061 size = 2, maxSize = 32, parentContextCount = 0, hitCount = 5, missCount = 2]
18:48:32.866 [Test worker] DEBUG reactor.util.Loggers - Using Slf4j logging framework
18:48:32.866 [Test worker] DEBUG reactor.core.publisher.Hooks - Hooking onLastOperator: org.springframework.security.core.context.SecurityContext
18:48:32.866 [Test worker] DEBUG org.springframework.test.context.cache.DefaultCacheAwareContextLoaderDelegate - Retrieved ApplicationContext [1171538461] from cache with key [[MergedContextConfiguration@6568f998 testClass = GoogleBooksControllerTest, locations = '{}', classes = '{class com.bookin.bookin.controller.GoogleBooksController}', contextInitializerClasses = '[]', activeProfiles = '{}', propertySourceLocations = '{}', propertySourceProperties = '{}', contextCustomizers = set[org.springframework.boot.test.autoconfigure.actuate.metrics.MetricsExportContextCustomizerFactory$DisableMetricExportContextCustomizer@27a2a089, org.springframework.boot.test.autoconfigure.properties.PropertyMappingContextCustomizer@0, org.springframework.boot.test.autoconfigure.web.servlet.WebDriverContextCustomizerFactory$Customizer@21ac5eb4, org.springframework.boot.test.context.filter.ExcludeFilterContextCustomizer@7397c6, org.springframework.boot.test.json.DuplicateJsonObjectContextCustomizerFactory$DuplicateJsonObjectContextCustomizer@75a118e6, org.springframework.boot.test.mock.mockito.MockitoContextCustomizer@2c653bb6], contextLoader = 'org.springframework.test.context.support.DelegatingSmartContextLoader', parent = [null]]]
18:48:32.866 [Test worker] DEBUG org.springframework.test.context.cache - Spring test ApplicationContext cache statistics: [DefaultContextCache@6fbb4061 size = 2, maxSize = 32, parentContextCount = 0, hitCount = 6, missCount = 2]
18:48:32.866 [Test worker] DEBUG org.springframework.test.context.cache.DefaultCacheAwareContextLoaderDelegate - Retrieved ApplicationContext [1171538461] from cache with key [[MergedContextConfiguration@6568f998 testClass = GoogleBooksControllerTest, locations = '{}', classes = '{class com.bookin.bookin.controller.GoogleBooksController}', contextInitializerClasses = '[]', activeProfiles = '{}', propertySourceLocations = '{}', propertySourceProperties = '{}', contextCustomizers = set[org.springframework.boot.test.autoconfigure.actuate.metrics.MetricsExportContextCustomizerFactory$DisableMetricExportContextCustomizer@27a2a089, org.springframework.boot.test.autoconfigure.properties.PropertyMappingContextCustomizer@0, org.springframework.boot.test.autoconfigure.web.servlet.WebDriverContextCustomizerFactory$Customizer@21ac5eb4, org.springframework.boot.test.context.filter.ExcludeFilterContextCustomizer@7397c6, org.springframework.boot.test.json.DuplicateJsonObjectContextCustomizerFactory$DuplicateJsonObjectContextCustomizer@75a118e6, org.springframework.boot.test.mock.mockito.MockitoContextCustomizer@2c653bb6], contextLoader = 'org.springframework.test.context.support.DelegatingSmartContextLoader', parent = [null]]]
18:48:32.866 [Test worker] DEBUG org.springframework.test.context.cache - Spring test ApplicationContext cache statistics: [DefaultContextCache@6fbb4061 size = 2, maxSize = 32, parentContextCount = 0, hitCount = 7, missCount = 2]
18:48:32.880 [Test worker] DEBUG _org.springframework.web.servlet.HandlerMapping.Mappings - 
	c.b.b.c.GoogleBooksController:
	{ [/api/admin/googlebooks/{id}]}: getgooglebooks(String)
18:48:32.880 [Test worker] DEBUG org.springframework.web.servlet.mvc.method.annotation.RequestMappingHandlerMapping - 1 mappings in org.springframework.web.servlet.mvc.method.annotation.RequestMappingHandlerMapping
18:48:32.885 [Test worker] DEBUG org.springframework.web.servlet.mvc.method.annotation.RequestMappingHandlerAdapter - ControllerAdvice beans: 0 @ModelAttribute, 0 @InitBinder, 1 RequestBodyAdvice, 1 ResponseBodyAdvice
18:48:32.887 [Test worker] DEBUG org.springframework.web.servlet.mvc.method.annotation.ExceptionHandlerExceptionResolver - ControllerAdvice beans: 0 @ExceptionHandler, 1 ResponseBodyAdvice
18:48:32.887 [Test worker] INFO org.springframework.mock.web.MockServletContext - Initializing Spring TestDispatcherServlet ''
18:48:32.887 [Test worker] INFO org.springframework.test.web.servlet.TestDispatcherServlet - Initializing Servlet ''
18:48:32.887 [Test worker] DEBUG org.springframework.test.web.servlet.TestDispatcherServlet - Detected AcceptHeaderLocaleResolver
18:48:32.887 [Test worker] DEBUG org.springframework.test.web.servlet.TestDispatcherServlet - Detected FixedThemeResolver
18:48:32.887 [Test worker] DEBUG org.springframework.test.web.servlet.TestDispatcherServlet - Detected org.springframework.web.servlet.view.DefaultRequestToViewNameTranslator@2c8ff67
18:48:32.887 [Test worker] DEBUG org.springframework.test.web.servlet.TestDispatcherServlet - Detected org.springframework.web.servlet.support.SessionFlashMapManager@21733cbe
18:48:32.887 [Test worker] DEBUG org.springframework.test.web.servlet.TestDispatcherServlet - enableLoggingRequestDetails='false': request parameters and headers will be masked to prevent unsafe logging of potentially sensitive data
18:48:32.887 [Test worker] INFO org.springframework.test.web.servlet.TestDispatcherServlet - Completed initialization in 0 ms
18:48:32.893 [Test worker] DEBUG org.springframework.test.web.servlet.TestDispatcherServlet - POST "/login", parameters={masked}
18:48:32.894 [Test worker] WARN org.springframework.web.servlet.PageNotFound - No mapping for POST /login
18:48:32.894 [Test worker] DEBUG org.springframework.test.web.servlet.TestDispatcherServlet - Completed 404 NOT_FOUND
18:48:32.895 [Test worker] DEBUG org.springframework.test.context.cache.DefaultCacheAwareContextLoaderDelegate - Retrieved ApplicationContext [1171538461] from cache with key [[MergedContextConfiguration@6568f998 testClass = GoogleBooksControllerTest, locations = '{}', classes = '{class com.bookin.bookin.controller.GoogleBooksController}', contextInitializerClasses = '[]', activeProfiles = '{}', propertySourceLocations = '{}', propertySourceProperties = '{}', contextCustomizers = set[org.springframework.boot.test.autoconfigure.actuate.metrics.MetricsExportContextCustomizerFactory$DisableMetricExportContextCustomizer@27a2a089, org.springframework.boot.test.autoconfigure.properties.PropertyMappingContextCustomizer@0, org.springframework.boot.test.autoconfigure.web.servlet.WebDriverContextCustomizerFactory$Customizer@21ac5eb4, org.springframework.boot.test.context.filter.ExcludeFilterContextCustomizer@7397c6, org.springframework.boot.test.json.DuplicateJsonObjectContextCustomizerFactory$DuplicateJsonObjectContextCustomizer@75a118e6, org.springframework.boot.test.mock.mockito.MockitoContextCustomizer@2c653bb6], contextLoader = 'org.springframework.test.context.support.DelegatingSmartContextLoader', parent = [null]]]
18:48:32.895 [Test worker] DEBUG org.springframework.test.context.cache - Spring test ApplicationContext cache statistics: [DefaultContextCache@6fbb4061 size = 2, maxSize = 32, parentContextCount = 0, hitCount = 8, missCount = 2]
18:48:32.895 [Test worker] DEBUG org.springframework.test.context.cache.DefaultCacheAwareContextLoaderDelegate - Retrieved ApplicationContext [1171538461] from cache with key [[MergedContextConfiguration@6568f998 testClass = GoogleBooksControllerTest, locations = '{}', classes = '{class com.bookin.bookin.controller.GoogleBooksController}', contextInitializerClasses = '[]', activeProfiles = '{}', propertySourceLocations = '{}', propertySourceProperties = '{}', contextCustomizers = set[org.springframework.boot.test.autoconfigure.actuate.metrics.MetricsExportContextCustomizerFactory$DisableMetricExportContextCustomizer@27a2a089, org.springframework.boot.test.autoconfigure.properties.PropertyMappingContextCustomizer@0, org.springframework.boot.test.autoconfigure.web.servlet.WebDriverContextCustomizerFactory$Customizer@21ac5eb4, org.springframework.boot.test.context.filter.ExcludeFilterContextCustomizer@7397c6, org.springframework.boot.test.json.DuplicateJsonObjectContextCustomizerFactory$DuplicateJsonObjectContextCustomizer@75a118e6, org.springframework.boot.test.mock.mockito.MockitoContextCustomizer@2c653bb6], contextLoader = 'org.springframework.test.context.support.DelegatingSmartContextLoader', parent = [null]]]
18:48:32.895 [Test worker] DEBUG org.springframework.test.context.cache - Spring test ApplicationContext cache statistics: [DefaultContextCache@6fbb4061 size = 2, maxSize = 32, parentContextCount = 0, hitCount = 9, missCount = 2]
18:48:32.897 [Test worker] DEBUG org.springframework.test.context.cache.DefaultCacheAwareContextLoaderDelegate - Retrieved ApplicationContext [1171538461] from cache with key [[MergedContextConfiguration@6568f998 testClass = GoogleBooksControllerTest, locations = '{}', classes = '{class com.bookin.bookin.controller.GoogleBooksController}', contextInitializerClasses = '[]', activeProfiles = '{}', propertySourceLocations = '{}', propertySourceProperties = '{}', contextCustomizers = set[org.springframework.boot.test.autoconfigure.actuate.metrics.MetricsExportContextCustomizerFactory$DisableMetricExportContextCustomizer@27a2a089, org.springframework.boot.test.autoconfigure.properties.PropertyMappingContextCustomizer@0, org.springframework.boot.test.autoconfigure.web.servlet.WebDriverContextCustomizerFactory$Customizer@21ac5eb4, org.springframework.boot.test.context.filter.ExcludeFilterContextCustomizer@7397c6, org.springframework.boot.test.json.DuplicateJsonObjectContextCustomizerFactory$DuplicateJsonObjectContextCustomizer@75a118e6, org.springframework.boot.test.mock.mockito.MockitoContextCustomizer@2c653bb6], contextLoader = 'org.springframework.test.context.support.DelegatingSmartContextLoader', parent = [null]]]
18:48:32.897 [Test worker] DEBUG org.springframework.test.context.cache - Spring test ApplicationContext cache statistics: [DefaultContextCache@6fbb4061 size = 2, maxSize = 32, parentContextCount = 0, hitCount = 10, missCount = 2]
18:48:32.897 [Test worker] DEBUG org.springframework.test.context.cache.DefaultCacheAwareContextLoaderDelegate - Retrieved ApplicationContext [1171538461] from cache with key [[MergedContextConfiguration@6568f998 testClass = GoogleBooksControllerTest, locations = '{}', classes = '{class com.bookin.bookin.controller.GoogleBooksController}', contextInitializerClasses = '[]', activeProfiles = '{}', propertySourceLocations = '{}', propertySourceProperties = '{}', contextCustomizers = set[org.springframework.boot.test.autoconfigure.actuate.metrics.MetricsExportContextCustomizerFactory$DisableMetricExportContextCustomizer@27a2a089, org.springframework.boot.test.autoconfigure.properties.PropertyMappingContextCustomizer@0, org.springframework.boot.test.autoconfigure.web.servlet.WebDriverContextCustomizerFactory$Customizer@21ac5eb4, org.springframework.boot.test.context.filter.ExcludeFilterContextCustomizer@7397c6, org.springframework.boot.test.json.DuplicateJsonObjectContextCustomizerFactory$DuplicateJsonObjectContextCustomizer@75a118e6, org.springframework.boot.test.mock.mockito.MockitoContextCustomizer@2c653bb6], contextLoader = 'org.springframework.test.context.support.DelegatingSmartContextLoader', parent = [null]]]
18:48:32.897 [Test worker] DEBUG org.springframework.test.context.cache - Spring test ApplicationContext cache statistics: [DefaultContextCache@6fbb4061 size = 2, maxSize = 32, parentContextCount = 0, hitCount = 11, missCount = 2]
18:48:32.898 [Test worker] DEBUG org.springframework.test.context.cache.DefaultCacheAwareContextLoaderDelegate - Retrieved ApplicationContext [1171538461] from cache with key [[MergedContextConfiguration@6568f998 testClass = GoogleBooksControllerTest, locations = '{}', classes = '{class com.bookin.bookin.controller.GoogleBooksController}', contextInitializerClasses = '[]', activeProfiles = '{}', propertySourceLocations = '{}', propertySourceProperties = '{}', contextCustomizers = set[org.springframework.boot.test.autoconfigure.actuate.metrics.MetricsExportContextCustomizerFactory$DisableMetricExportContextCustomizer@27a2a089, org.springframework.boot.test.autoconfigure.properties.PropertyMappingContextCustomizer@0, org.springframework.boot.test.autoconfigure.web.servlet.WebDriverContextCustomizerFactory$Customizer@21ac5eb4, org.springframework.boot.test.context.filter.ExcludeFilterContextCustomizer@7397c6, org.springframework.boot.test.json.DuplicateJsonObjectContextCustomizerFactory$DuplicateJsonObjectContextCustomizer@75a118e6, org.springframework.boot.test.mock.mockito.MockitoContextCustomizer@2c653bb6], contextLoader = 'org.springframework.test.context.support.DelegatingSmartContextLoader', parent = [null]]]
18:48:32.898 [Test worker] DEBUG org.springframework.test.context.cache - Spring test ApplicationContext cache statistics: [DefaultContextCache@6fbb4061 size = 2, maxSize = 32, parentContextCount = 0, hitCount = 12, missCount = 2]
18:48:32.899 [Test worker] DEBUG reactor.core.publisher.Hooks - Reset onLastOperator: org.springframework.security.core.context.SecurityContext
18:48:32.899 [Test worker] DEBUG org.springframework.test.context.cache.DefaultCacheAwareContextLoaderDelegate - Retrieved ApplicationContext [1171538461] from cache with key [[MergedContextConfiguration@6568f998 testClass = GoogleBooksControllerTest, locations = '{}', classes = '{class com.bookin.bookin.controller.GoogleBooksController}', contextInitializerClasses = '[]', activeProfiles = '{}', propertySourceLocations = '{}', propertySourceProperties = '{}', contextCustomizers = set[org.springframework.boot.test.autoconfigure.actuate.metrics.MetricsExportContextCustomizerFactory$DisableMetricExportContextCustomizer@27a2a089, org.springframework.boot.test.autoconfigure.properties.PropertyMappingContextCustomizer@0, org.springframework.boot.test.autoconfigure.web.servlet.WebDriverContextCustomizerFactory$Customizer@21ac5eb4, org.springframework.boot.test.context.filter.ExcludeFilterContextCustomizer@7397c6, org.springframework.boot.test.json.DuplicateJsonObjectContextCustomizerFactory$DuplicateJsonObjectContextCustomizer@75a118e6, org.springframework.boot.test.mock.mockito.MockitoContextCustomizer@2c653bb6], contextLoader = 'org.springframework.test.context.support.DelegatingSmartContextLoader', parent = [null]]]
18:48:32.899 [Test worker] DEBUG org.springframework.test.context.cache - Spring test ApplicationContext cache statistics: [DefaultContextCache@6fbb4061 size = 2, maxSize = 32, parentContextCount = 0, hitCount = 13, missCount = 2]
18:48:32.901 [Test worker] DEBUG org.springframework.test.context.support.AbstractDirtiesContextTestExecutionListener - After test method: context [DefaultTestContext@69f080ad testClass = GoogleBooksControllerTest, testInstance = com.bookin.bookin.controller.GoogleBooksControllerTest@43e3a390, testMethod = testGetgooglebooks@GoogleBooksControllerTest, testException = [null], mergedContextConfiguration = [MergedContextConfiguration@6568f998 testClass = GoogleBooksControllerTest, locations = '{}', classes = '{class com.bookin.bookin.controller.GoogleBooksController}', contextInitializerClasses = '[]', activeProfiles = '{}', propertySourceLocations = '{}', propertySourceProperties = '{}', contextCustomizers = set[org.springframework.boot.test.autoconfigure.actuate.metrics.MetricsExportContextCustomizerFactory$DisableMetricExportContextCustomizer@27a2a089, org.springframework.boot.test.autoconfigure.properties.PropertyMappingContextCustomizer@0, org.springframework.boot.test.autoconfigure.web.servlet.WebDriverContextCustomizerFactory$Customizer@21ac5eb4, org.springframework.boot.test.context.filter.ExcludeFilterContextCustomizer@7397c6, org.springframework.boot.test.json.DuplicateJsonObjectContextCustomizerFactory$DuplicateJsonObjectContextCustomizer@75a118e6, org.springframework.boot.test.mock.mockito.MockitoContextCustomizer@2c653bb6], contextLoader = 'org.springframework.test.context.support.DelegatingSmartContextLoader', parent = [null]], attributes = map['org.springframework.test.context.event.ApplicationEventsTestExecutionListener.recordApplicationEvents' -> false]], class annotated with @DirtiesContext [false] with mode [null], method annotated with @DirtiesContext [false] with mode [null].
18:48:32.901 [Test worker] DEBUG org.springframework.test.context.cache.DefaultCacheAwareContextLoaderDelegate - Retrieved ApplicationContext [1171538461] from cache with key [[MergedContextConfiguration@6568f998 testClass = GoogleBooksControllerTest, locations = '{}', classes = '{class com.bookin.bookin.controller.GoogleBooksController}', contextInitializerClasses = '[]', activeProfiles = '{}', propertySourceLocations = '{}', propertySourceProperties = '{}', contextCustomizers = set[org.springframework.boot.test.autoconfigure.actuate.metrics.MetricsExportContextCustomizerFactory$DisableMetricExportContextCustomizer@27a2a089, org.springframework.boot.test.autoconfigure.properties.PropertyMappingContextCustomizer@0, org.springframework.boot.test.autoconfigure.web.servlet.WebDriverContextCustomizerFactory$Customizer@21ac5eb4, org.springframework.boot.test.context.filter.ExcludeFilterContextCustomizer@7397c6, org.springframework.boot.test.json.DuplicateJsonObjectContextCustomizerFactory$DuplicateJsonObjectContextCustomizer@75a118e6, org.springframework.boot.test.mock.mockito.MockitoContextCustomizer@2c653bb6], contextLoader = 'org.springframework.test.context.support.DelegatingSmartContextLoader', parent = [null]]]
18:48:32.901 [Test worker] DEBUG org.springframework.test.context.cache - Spring test ApplicationContext cache statistics: [DefaultContextCache@6fbb4061 size = 2, maxSize = 32, parentContextCount = 0, hitCount = 14, missCount = 2]
18:48:32.901 [Test worker] DEBUG org.springframework.test.context.support.AbstractDirtiesContextTestExecutionListener - After test class: context [DefaultTestContext@69f080ad testClass = GoogleBooksControllerTest, testInstance = [null], testMethod = [null], testException = [null], mergedContextConfiguration = [MergedContextConfiguration@6568f998 testClass = GoogleBooksControllerTest, locations = '{}', classes = '{class com.bookin.bookin.controller.GoogleBooksController}', contextInitializerClasses = '[]', activeProfiles = '{}', propertySourceLocations = '{}', propertySourceProperties = '{}', contextCustomizers = set[org.springframework.boot.test.autoconfigure.actuate.metrics.MetricsExportContextCustomizerFactory$DisableMetricExportContextCustomizer@27a2a089, org.springframework.boot.test.autoconfigure.properties.PropertyMappingContextCustomizer@0, org.springframework.boot.test.autoconfigure.web.servlet.WebDriverContextCustomizerFactory$Customizer@21ac5eb4, org.springframework.boot.test.context.filter.ExcludeFilterContextCustomizer@7397c6, org.springframework.boot.test.json.DuplicateJsonObjectContextCustomizerFactory$DuplicateJsonObjectContextCustomizer@75a118e6, org.springframework.boot.test.mock.mockito.MockitoContextCustomizer@2c653bb6], contextLoader = 'org.springframework.test.context.support.DelegatingSmartContextLoader', parent = [null]], attributes = map['org.springframework.test.context.event.ApplicationEventsTestExecutionListener.recordApplicationEvents' -> false]], class annotated with @DirtiesContext [false] with mode [null].
]]></system-out>
  <system-err><![CDATA[]]></system-err>
</testsuite>
